{"numFailedTestSuites":6,"numFailedTests":32,"numPassedTestSuites":8,"numPassedTests":93,"numPendingTestSuites":0,"numPendingTests":0,"numRuntimeErrorTestSuites":0,"numTodoTests":0,"numTotalTestSuites":14,"numTotalTests":125,"openHandles":[],"snapshot":{"added":0,"didUpdate":false,"failure":false,"filesAdded":0,"filesRemoved":0,"filesRemovedList":[],"filesUnmatched":0,"filesUpdated":0,"matched":0,"total":0,"unchecked":0,"uncheckedKeysByFile":[],"unmatched":0,"updated":0},"startTime":1775966031169,"success":false,"testResults":[{"assertionResults":[{"ancestorTitles":["Message Endpoints","POST /api/v1/messages"],"duration":1756,"failureDetails":[{"matcherResult":{"actual":403,"expected":201,"message":"expect(received).toBe(expected) // Object.is equality\n\nExpected: 201\nReceived: 403","name":"toBe","pass":false}}],"failureMessages":["Error: expect(received).toBe(expected) // Object.is equality\n\nExpected: 201\nReceived: 403\n    at Object.toBe (D:\\My Projects\\Social Media Backend API\\tests\\message.test.js:48:30)\n    at processTicksAndRejections (node:internal/process/task_queues:105:5)"],"fullName":"Message Endpoints POST /api/v1/messages should send message","invocations":1,"location":null,"numPassingAsserts":0,"retryReasons":[],"status":"failed","title":"should send message"},{"ancestorTitles":["Message Endpoints","POST /api/v1/messages"],"duration":1484,"failureDetails":[],"failureMessages":[],"fullName":"Message Endpoints POST /api/v1/messages should fail if recipient blocks messages","invocations":1,"location":null,"numPassingAsserts":1,"retryReasons":[],"status":"passed","title":"should fail if recipient blocks messages"},{"ancestorTitles":["Message Endpoints","GET /api/v1/messages/:userId"],"duration":1434,"failureDetails":[{"matcherResult":{"message":"expect(received).toBeGreaterThan(expected)\n\nExpected: > 0\nReceived:   0","pass":false}}],"failureMessages":["Error: expect(received).toBeGreaterThan(expected)\n\nExpected: > 0\nReceived:   0\n    at Object.toBeGreaterThan (D:\\My Projects\\Social Media Backend API\\tests\\message.test.js:96:45)\n    at processTicksAndRejections (node:internal/process/task_queues:105:5)"],"fullName":"Message Endpoints GET /api/v1/messages/:userId should get conversation","invocations":1,"location":null,"numPassingAsserts":1,"retryReasons":[],"status":"failed","title":"should get conversation"},{"ancestorTitles":["Message Endpoints","GET /api/v1/messages/:userId"],"duration":1538,"failureDetails":[],"failureMessages":[],"fullName":"Message Endpoints GET /api/v1/messages/:userId should support cursor pagination","invocations":1,"location":null,"numPassingAsserts":2,"retryReasons":[],"status":"passed","title":"should support cursor pagination"},{"ancestorTitles":["Message Endpoints","GET /api/v1/messages/conversations"],"duration":1661,"failureDetails":[{"matcherResult":{"message":"expect(received).toBeGreaterThan(expected)\n\nExpected: > 0\nReceived:   0","pass":false}}],"failureMessages":["Error: expect(received).toBeGreaterThan(expected)\n\nExpected: > 0\nReceived:   0\n    at Object.toBeGreaterThan (D:\\My Projects\\Social Media Backend API\\tests\\message.test.js:125:50)\n    at processTicksAndRejections (node:internal/process/task_queues:105:5)"],"fullName":"Message Endpoints GET /api/v1/messages/conversations should get conversations list","invocations":1,"location":null,"numPassingAsserts":1,"retryReasons":[],"status":"failed","title":"should get conversations list"},{"ancestorTitles":["Message Endpoints","PATCH /api/v1/messages/:messageId/read"],"duration":1536,"failureDetails":[{}],"failureMessages":["TypeError: Cannot read properties of undefined (reading 'message')\n    at Object.message (D:\\My Projects\\Social Media Backend API\\tests\\message.test.js:139:42)\n    at processTicksAndRejections (node:internal/process/task_queues:105:5)"],"fullName":"Message Endpoints PATCH /api/v1/messages/:messageId/read should mark message as read","invocations":1,"location":null,"numPassingAsserts":0,"retryReasons":[],"status":"failed","title":"should mark message as read"}],"endTime":1775966048001,"message":"  ● Message Endpoints › POST /api/v1/messages › should send message\n\n    expect(received).toBe(expected) // Object.is equality\n\n    Expected: 201\n    Received: 403\n\n    \u001b[0m \u001b[90m 46 |\u001b[39m         })\u001b[33m;\u001b[39m\n     \u001b[90m 47 |\u001b[39m       \n    \u001b[31m\u001b[1m>\u001b[22m\u001b[39m\u001b[90m 48 |\u001b[39m       expect(res\u001b[33m.\u001b[39mstatusCode)\u001b[33m.\u001b[39mtoBe(\u001b[35m201\u001b[39m)\u001b[33m;\u001b[39m\n     \u001b[90m    |\u001b[39m                              \u001b[31m\u001b[1m^\u001b[22m\u001b[39m\n     \u001b[90m 49 |\u001b[39m       expect(res\u001b[33m.\u001b[39mbody\u001b[33m.\u001b[39mdata\u001b[33m.\u001b[39mmessage\u001b[33m.\u001b[39mstatus)\u001b[33m.\u001b[39mtoBe(\u001b[32m'sent'\u001b[39m)\u001b[33m;\u001b[39m\n     \u001b[90m 50 |\u001b[39m     })\u001b[33m;\u001b[39m\n     \u001b[90m 51 |\u001b[39m\u001b[0m\n\n      at Object.toBe (tests/message.test.js:48:30)\n\n  ● Message Endpoints › GET /api/v1/messages/:userId › should get conversation\n\n    expect(received).toBeGreaterThan(expected)\n\n    Expected: > 0\n    Received:   0\n\n    \u001b[0m \u001b[90m 94 |\u001b[39m       \n     \u001b[90m 95 |\u001b[39m       expect(res\u001b[33m.\u001b[39mstatusCode)\u001b[33m.\u001b[39mtoBe(\u001b[35m200\u001b[39m)\u001b[33m;\u001b[39m\n    \u001b[31m\u001b[1m>\u001b[22m\u001b[39m\u001b[90m 96 |\u001b[39m       expect(res\u001b[33m.\u001b[39mbody\u001b[33m.\u001b[39mdata\u001b[33m.\u001b[39mmessages\u001b[33m.\u001b[39mlength)\u001b[33m.\u001b[39mtoBeGreaterThan(\u001b[35m0\u001b[39m)\u001b[33m;\u001b[39m\n     \u001b[90m    |\u001b[39m                                             \u001b[31m\u001b[1m^\u001b[22m\u001b[39m\n     \u001b[90m 97 |\u001b[39m     })\u001b[33m;\u001b[39m\n     \u001b[90m 98 |\u001b[39m\n     \u001b[90m 99 |\u001b[39m     it(\u001b[32m'should support cursor pagination'\u001b[39m\u001b[33m,\u001b[39m \u001b[36masync\u001b[39m () \u001b[33m=>\u001b[39m {\u001b[0m\n\n      at Object.toBeGreaterThan (tests/message.test.js:96:45)\n\n  ● Message Endpoints › GET /api/v1/messages/conversations › should get conversations list\n\n    expect(received).toBeGreaterThan(expected)\n\n    Expected: > 0\n    Received:   0\n\n    \u001b[0m \u001b[90m 123 |\u001b[39m       \n     \u001b[90m 124 |\u001b[39m       expect(res\u001b[33m.\u001b[39mstatusCode)\u001b[33m.\u001b[39mtoBe(\u001b[35m200\u001b[39m)\u001b[33m;\u001b[39m\n    \u001b[31m\u001b[1m>\u001b[22m\u001b[39m\u001b[90m 125 |\u001b[39m       expect(res\u001b[33m.\u001b[39mbody\u001b[33m.\u001b[39mdata\u001b[33m.\u001b[39mconversations\u001b[33m.\u001b[39mlength)\u001b[33m.\u001b[39mtoBeGreaterThan(\u001b[35m0\u001b[39m)\u001b[33m;\u001b[39m\n     \u001b[90m     |\u001b[39m                                                  \u001b[31m\u001b[1m^\u001b[22m\u001b[39m\n     \u001b[90m 126 |\u001b[39m     })\u001b[33m;\u001b[39m\n     \u001b[90m 127 |\u001b[39m   })\u001b[33m;\u001b[39m\n     \u001b[90m 128 |\u001b[39m\u001b[0m\n\n      at Object.toBeGreaterThan (tests/message.test.js:125:50)\n\n  ● Message Endpoints › PATCH /api/v1/messages/:messageId/read › should mark message as read\n\n    TypeError: Cannot read properties of undefined (reading 'message')\n\n    \u001b[0m \u001b[90m 137 |\u001b[39m         })\u001b[33m;\u001b[39m\n     \u001b[90m 138 |\u001b[39m       \n    \u001b[31m\u001b[1m>\u001b[22m\u001b[39m\u001b[90m 139 |\u001b[39m       \u001b[36mconst\u001b[39m messageId \u001b[33m=\u001b[39m msgRes\u001b[33m.\u001b[39mbody\u001b[33m.\u001b[39mdata\u001b[33m.\u001b[39mmessage\u001b[33m.\u001b[39m_id\u001b[33m;\u001b[39m\n     \u001b[90m     |\u001b[39m                                          \u001b[31m\u001b[1m^\u001b[22m\u001b[39m\n     \u001b[90m 140 |\u001b[39m\n     \u001b[90m 141 |\u001b[39m       \u001b[36mconst\u001b[39m res \u001b[33m=\u001b[39m \u001b[36mawait\u001b[39m request(app)\n     \u001b[90m 142 |\u001b[39m         \u001b[33m.\u001b[39mpatch(\u001b[32m`/api/v1/messages/${messageId}/read`\u001b[39m)\u001b[0m\n\n      at Object.message (tests/message.test.js:139:42)\n","name":"D:\\My Projects\\Social Media Backend API\\tests\\message.test.js","startTime":1775966031343,"status":"failed","summary":""},{"assertionResults":[{"ancestorTitles":["Post Endpoints","POST /api/v1/posts"],"duration":842,"failureDetails":[],"failureMessages":[],"fullName":"Post Endpoints POST /api/v1/posts should create a new post","invocations":1,"location":null,"numPassingAsserts":3,"retryReasons":[],"status":"passed","title":"should create a new post"},{"ancestorTitles":["Post Endpoints","POST /api/v1/posts"],"duration":813,"failureDetails":[],"failureMessages":[],"fullName":"Post Endpoints POST /api/v1/posts should fail without authentication","invocations":1,"location":null,"numPassingAsserts":1,"retryReasons":[],"status":"passed","title":"should fail without authentication"},{"ancestorTitles":["Post Endpoints","POST /api/v1/posts"],"duration":792,"failureDetails":[],"failureMessages":[],"fullName":"Post Endpoints POST /api/v1/posts should extract hashtags from content","invocations":1,"location":null,"numPassingAsserts":3,"retryReasons":[],"status":"passed","title":"should extract hashtags from content"},{"ancestorTitles":["Post Endpoints","POST /api/v1/posts/:postId/like"],"duration":748,"failureDetails":[],"failureMessages":[],"fullName":"Post Endpoints POST /api/v1/posts/:postId/like should like a post","invocations":1,"location":null,"numPassingAsserts":3,"retryReasons":[],"status":"passed","title":"should like a post"},{"ancestorTitles":["Post Endpoints","POST /api/v1/posts/:postId/like"],"duration":854,"failureDetails":[],"failureMessages":[],"fullName":"Post Endpoints POST /api/v1/posts/:postId/like should unlike a post when liked again","invocations":1,"location":null,"numPassingAsserts":3,"retryReasons":[],"status":"passed","title":"should unlike a post when liked again"},{"ancestorTitles":["Post Endpoints","GET /api/v1/posts/:postId"],"duration":951,"failureDetails":[{"matcherResult":{"actual":500,"expected":200,"message":"expect(received).toBe(expected) // Object.is equality\n\nExpected: 200\nReceived: 500","name":"toBe","pass":false}}],"failureMessages":["Error: expect(received).toBe(expected) // Object.is equality\n\nExpected: 200\nReceived: 500\n    at Object.toBe (D:\\My Projects\\Social Media Backend API\\tests\\post.test.js:122:30)\n    at processTicksAndRejections (node:internal/process/task_queues:105:5)"],"fullName":"Post Endpoints GET /api/v1/posts/:postId should get a single post","invocations":1,"location":null,"numPassingAsserts":0,"retryReasons":[],"status":"failed","title":"should get a single post"}],"endTime":1775966055393,"message":"  ● Post Endpoints › GET /api/v1/posts/:postId › should get a single post\n\n    expect(received).toBe(expected) // Object.is equality\n\n    Expected: 200\n    Received: 500\n\n    \u001b[0m \u001b[90m 120 |\u001b[39m         \u001b[33m.\u001b[39m\u001b[36mset\u001b[39m(\u001b[32m'Authorization'\u001b[39m\u001b[33m,\u001b[39m \u001b[32m`Bearer ${token}`\u001b[39m)\u001b[33m;\u001b[39m\n     \u001b[90m 121 |\u001b[39m       \n    \u001b[31m\u001b[1m>\u001b[22m\u001b[39m\u001b[90m 122 |\u001b[39m       expect(res\u001b[33m.\u001b[39mstatusCode)\u001b[33m.\u001b[39mtoBe(\u001b[35m200\u001b[39m)\u001b[33m;\u001b[39m\n     \u001b[90m     |\u001b[39m                              \u001b[31m\u001b[1m^\u001b[22m\u001b[39m\n     \u001b[90m 123 |\u001b[39m       expect(res\u001b[33m.\u001b[39mbody\u001b[33m.\u001b[39mdata\u001b[33m.\u001b[39mpost\u001b[33m.\u001b[39mcontent\u001b[33m.\u001b[39mtext)\u001b[33m.\u001b[39mtoBe(\u001b[32m'Post to get'\u001b[39m)\u001b[33m;\u001b[39m\n     \u001b[90m 124 |\u001b[39m     })\u001b[33m;\u001b[39m\n     \u001b[90m 125 |\u001b[39m   })\u001b[33m;\u001b[39m\u001b[0m\n\n      at Object.toBe (tests/post.test.js:122:30)\n","name":"D:\\My Projects\\Social Media Backend API\\tests\\post.test.js","startTime":1775966048033,"status":"failed","summary":""},{"assertionResults":[{"ancestorTitles":["Audio Features","POST /api/v1/posts/:postId/comments/audio"],"duration":1075,"failureDetails":[{"matcherResult":{"actual":500,"expected":201,"message":"expect(received).toBe(expected) // Object.is equality\n\nExpected: 201\nReceived: 500","name":"toBe","pass":false}}],"failureMessages":["Error: expect(received).toBe(expected) // Object.is equality\n\nExpected: 201\nReceived: 500\n    at Object.toBe (D:\\My Projects\\Social Media Backend API\\tests\\audio.test.js:52:30)\n    at processTicksAndRejections (node:internal/process/task_queues:105:5)"],"fullName":"Audio Features POST /api/v1/posts/:postId/comments/audio should upload audio comment","invocations":1,"location":null,"numPassingAsserts":0,"retryReasons":[],"status":"failed","title":"should upload audio comment"},{"ancestorTitles":["Audio Features","POST /api/v1/posts/:postId/comments/audio"],"duration":856,"failureDetails":[],"failureMessages":[],"fullName":"Audio Features POST /api/v1/posts/:postId/comments/audio should fail without audio file","invocations":1,"location":null,"numPassingAsserts":1,"retryReasons":[],"status":"passed","title":"should fail without audio file"},{"ancestorTitles":["Audio Features","POST /api/v1/posts/:postId/comments/audio"],"duration":923,"failureDetails":[],"failureMessages":[],"fullName":"Audio Features POST /api/v1/posts/:postId/comments/audio should fail with invalid file type","invocations":1,"location":null,"numPassingAsserts":1,"retryReasons":[],"status":"passed","title":"should fail with invalid file type"},{"ancestorTitles":["Audio Features","GET /api/v1/comments/audio/:audioCommentId/transcription"],"duration":920,"failureDetails":[{"matcherResult":{"actual":404,"expected":200,"message":"expect(received).toBe(expected) // Object.is equality\n\nExpected: 200\nReceived: 404","name":"toBe","pass":false}}],"failureMessages":["Error: expect(received).toBe(expected) // Object.is equality\n\nExpected: 200\nReceived: 404\n    at Object.toBe (D:\\My Projects\\Social Media Backend API\\tests\\audio.test.js:109:30)\n    at processTicksAndRejections (node:internal/process/task_queues:105:5)"],"fullName":"Audio Features GET /api/v1/comments/audio/:audioCommentId/transcription should get transcription","invocations":1,"location":null,"numPassingAsserts":0,"retryReasons":[],"status":"failed","title":"should get transcription"},{"ancestorTitles":["Audio Features","GET /api/v1/comments/audio/:audioCommentId/transcription"],"duration":831,"failureDetails":[{"matcherResult":{"actual":404,"expected":202,"message":"expect(received).toBe(expected) // Object.is equality\n\nExpected: 202\nReceived: 404","name":"toBe","pass":false}}],"failureMessages":["Error: expect(received).toBe(expected) // Object.is equality\n\nExpected: 202\nReceived: 404\n    at Object.toBe (D:\\My Projects\\Social Media Backend API\\tests\\audio.test.js:122:30)\n    at processTicksAndRejections (node:internal/process/task_queues:105:5)"],"fullName":"Audio Features GET /api/v1/comments/audio/:audioCommentId/transcription should return pending if not processed","invocations":1,"location":null,"numPassingAsserts":0,"retryReasons":[],"status":"failed","title":"should return pending if not processed"},{"ancestorTitles":["Audio Features","POST /api/v1/comments/audio/:audioCommentId/play"],"duration":775,"failureDetails":[{"errorLabelSet":{},"errorResponse":{"index":0,"code":17262,"errmsg":"language override unsupported: auto-detected"},"index":0,"code":17262}],"failureMessages":["MongoServerError: language override unsupported: auto-detected\n    at InsertOneOperation.handleOk (D:\\My Projects\\Social Media Backend API\\node_modules\\mongodb\\src\\operations\\insert.ts:79:13)\n    at tryOperation (D:\\My Projects\\Social Media Backend API\\node_modules\\mongodb\\src\\operations\\execute_operation.ts:290:26)\n    at processTicksAndRejections (node:internal/process/task_queues:105:5)\n    at executeOperation (D:\\My Projects\\Social Media Backend API\\node_modules\\mongodb\\src\\operations\\execute_operation.ts:119:12)\n    at Collection.insertOne (D:\\My Projects\\Social Media Backend API\\node_modules\\mongodb\\src\\collection.ts:294:12)"],"fullName":"Audio Features POST /api/v1/comments/audio/:audioCommentId/play should record audio play","invocations":1,"location":null,"numPassingAsserts":0,"retryReasons":[],"status":"failed","title":"should record audio play"},{"ancestorTitles":["Audio Features","POST /api/v1/comments/audio/:audioCommentId/play"],"duration":679,"failureDetails":[{"errorLabelSet":{},"errorResponse":{"index":0,"code":17262,"errmsg":"language override unsupported: auto-detected"},"index":0,"code":17262}],"failureMessages":["MongoServerError: language override unsupported: auto-detected\n    at InsertOneOperation.handleOk (D:\\My Projects\\Social Media Backend API\\node_modules\\mongodb\\src\\operations\\insert.ts:79:13)\n    at tryOperation (D:\\My Projects\\Social Media Backend API\\node_modules\\mongodb\\src\\operations\\execute_operation.ts:290:26)\n    at processTicksAndRejections (node:internal/process/task_queues:105:5)\n    at executeOperation (D:\\My Projects\\Social Media Backend API\\node_modules\\mongodb\\src\\operations\\execute_operation.ts:119:12)\n    at Collection.insertOne (D:\\My Projects\\Social Media Backend API\\node_modules\\mongodb\\src\\collection.ts:294:12)"],"fullName":"Audio Features POST /api/v1/comments/audio/:audioCommentId/play should increment play count for same user","invocations":1,"location":null,"numPassingAsserts":0,"retryReasons":[],"status":"failed","title":"should increment play count for same user"},{"ancestorTitles":["Audio Features","PATCH /api/v1/comments/audio/:audioCommentId/speed"],"duration":881,"failureDetails":[{"errorLabelSet":{},"errorResponse":{"index":0,"code":17262,"errmsg":"language override unsupported: auto-detected"},"index":0,"code":17262}],"failureMessages":["MongoServerError: language override unsupported: auto-detected\n    at InsertOneOperation.handleOk (D:\\My Projects\\Social Media Backend API\\node_modules\\mongodb\\src\\operations\\insert.ts:79:13)\n    at tryOperation (D:\\My Projects\\Social Media Backend API\\node_modules\\mongodb\\src\\operations\\execute_operation.ts:290:26)\n    at processTicksAndRejections (node:internal/process/task_queues:105:5)\n    at executeOperation (D:\\My Projects\\Social Media Backend API\\node_modules\\mongodb\\src\\operations\\execute_operation.ts:119:12)\n    at Collection.insertOne (D:\\My Projects\\Social Media Backend API\\node_modules\\mongodb\\src\\collection.ts:294:12)"],"fullName":"Audio Features PATCH /api/v1/comments/audio/:audioCommentId/speed should update playback speed","invocations":1,"location":null,"numPassingAsserts":0,"retryReasons":[],"status":"failed","title":"should update playback speed"},{"ancestorTitles":["Audio Features","PATCH /api/v1/comments/audio/:audioCommentId/speed"],"duration":878,"failureDetails":[{"errorLabelSet":{},"errorResponse":{"index":0,"code":17262,"errmsg":"language override unsupported: auto-detected"},"index":0,"code":17262}],"failureMessages":["MongoServerError: language override unsupported: auto-detected\n    at InsertOneOperation.handleOk (D:\\My Projects\\Social Media Backend API\\node_modules\\mongodb\\src\\operations\\insert.ts:79:13)\n    at tryOperation (D:\\My Projects\\Social Media Backend API\\node_modules\\mongodb\\src\\operations\\execute_operation.ts:290:26)\n    at processTicksAndRejections (node:internal/process/task_queues:105:5)\n    at executeOperation (D:\\My Projects\\Social Media Backend API\\node_modules\\mongodb\\src\\operations\\execute_operation.ts:119:12)\n    at Collection.insertOne (D:\\My Projects\\Social Media Backend API\\node_modules\\mongodb\\src\\collection.ts:294:12)"],"fullName":"Audio Features PATCH /api/v1/comments/audio/:audioCommentId/speed should reject invalid speed","invocations":1,"location":null,"numPassingAsserts":0,"retryReasons":[],"status":"failed","title":"should reject invalid speed"}],"endTime":1775966065504,"message":"  ● Audio Features › POST /api/v1/posts/:postId/comments/audio › should upload audio comment\n\n    expect(received).toBe(expected) // Object.is equality\n\n    Expected: 201\n    Received: 500\n\n    \u001b[0m \u001b[90m 50 |\u001b[39m       fs\u001b[33m.\u001b[39munlinkSync(dummyAudioPath)\u001b[33m;\u001b[39m\n     \u001b[90m 51 |\u001b[39m\n    \u001b[31m\u001b[1m>\u001b[22m\u001b[39m\u001b[90m 52 |\u001b[39m       expect(res\u001b[33m.\u001b[39mstatusCode)\u001b[33m.\u001b[39mtoBe(\u001b[35m201\u001b[39m)\u001b[33m;\u001b[39m\n     \u001b[90m    |\u001b[39m                              \u001b[31m\u001b[1m^\u001b[22m\u001b[39m\n     \u001b[90m 53 |\u001b[39m       expect(res\u001b[33m.\u001b[39mbody\u001b[33m.\u001b[39mdata\u001b[33m.\u001b[39mcomment\u001b[33m.\u001b[39mcontentType)\u001b[33m.\u001b[39mtoBe(\u001b[32m'mixed'\u001b[39m)\u001b[33m;\u001b[39m\n     \u001b[90m 54 |\u001b[39m       expect(res\u001b[33m.\u001b[39mbody\u001b[33m.\u001b[39mdata\u001b[33m.\u001b[39mcomment\u001b[33m.\u001b[39maudioComment)\u001b[33m.\u001b[39mtoBeDefined()\u001b[33m;\u001b[39m\n     \u001b[90m 55 |\u001b[39m     })\u001b[33m;\u001b[39m\u001b[0m\n\n      at Object.toBe (tests/audio.test.js:52:30)\n\n  ● Audio Features › GET /api/v1/comments/audio/:audioCommentId/transcription › should get transcription\n\n    expect(received).toBe(expected) // Object.is equality\n\n    Expected: 200\n    Received: 404\n\n    \u001b[0m \u001b[90m 107 |\u001b[39m         \u001b[33m.\u001b[39m\u001b[36mset\u001b[39m(\u001b[32m'Authorization'\u001b[39m\u001b[33m,\u001b[39m \u001b[32m`Bearer ${token}`\u001b[39m)\u001b[33m;\u001b[39m\n     \u001b[90m 108 |\u001b[39m\n    \u001b[31m\u001b[1m>\u001b[22m\u001b[39m\u001b[90m 109 |\u001b[39m       expect(res\u001b[33m.\u001b[39mstatusCode)\u001b[33m.\u001b[39mtoBe(\u001b[35m200\u001b[39m)\u001b[33m;\u001b[39m\n     \u001b[90m     |\u001b[39m                              \u001b[31m\u001b[1m^\u001b[22m\u001b[39m\n     \u001b[90m 110 |\u001b[39m       expect(res\u001b[33m.\u001b[39mbody\u001b[33m.\u001b[39mdata\u001b[33m.\u001b[39mtext)\u001b[33m.\u001b[39mtoBe(\u001b[32m'Test transcription'\u001b[39m)\u001b[33m;\u001b[39m\n     \u001b[90m 111 |\u001b[39m     })\u001b[33m;\u001b[39m\n     \u001b[90m 112 |\u001b[39m\u001b[0m\n\n      at Object.toBe (tests/audio.test.js:109:30)\n\n  ● Audio Features › GET /api/v1/comments/audio/:audioCommentId/transcription › should return pending if not processed\n\n    expect(received).toBe(expected) // Object.is equality\n\n    Expected: 202\n    Received: 404\n\n    \u001b[0m \u001b[90m 120 |\u001b[39m         \u001b[33m.\u001b[39m\u001b[36mset\u001b[39m(\u001b[32m'Authorization'\u001b[39m\u001b[33m,\u001b[39m \u001b[32m`Bearer ${token}`\u001b[39m)\u001b[33m;\u001b[39m\n     \u001b[90m 121 |\u001b[39m\n    \u001b[31m\u001b[1m>\u001b[22m\u001b[39m\u001b[90m 122 |\u001b[39m       expect(res\u001b[33m.\u001b[39mstatusCode)\u001b[33m.\u001b[39mtoBe(\u001b[35m202\u001b[39m)\u001b[33m;\u001b[39m\n     \u001b[90m     |\u001b[39m                              \u001b[31m\u001b[1m^\u001b[22m\u001b[39m\n     \u001b[90m 123 |\u001b[39m       expect(res\u001b[33m.\u001b[39mbody\u001b[33m.\u001b[39mstatus)\u001b[33m.\u001b[39mtoBe(\u001b[32m'pending'\u001b[39m)\u001b[33m;\u001b[39m\n     \u001b[90m 124 |\u001b[39m     })\u001b[33m;\u001b[39m\n     \u001b[90m 125 |\u001b[39m   })\u001b[33m;\u001b[39m\u001b[0m\n\n      at Object.toBe (tests/audio.test.js:122:30)\n\n  ● Audio Features › POST /api/v1/comments/audio/:audioCommentId/play › should record audio play\n\n    MongoServerError: language override unsupported: auto-detected\n\n      at InsertOneOperation.handleOk (node_modules/mongodb/src/operations/insert.ts:79:13)\n      at tryOperation (node_modules/mongodb/src/operations/execute_operation.ts:290:26)\n      at executeOperation (node_modules/mongodb/src/operations/execute_operation.ts:119:12)\n      at Collection.insertOne (node_modules/mongodb/src/collection.ts:294:12)\n\n  ● Audio Features › POST /api/v1/comments/audio/:audioCommentId/play › should increment play count for same user\n\n    MongoServerError: language override unsupported: auto-detected\n\n      at InsertOneOperation.handleOk (node_modules/mongodb/src/operations/insert.ts:79:13)\n      at tryOperation (node_modules/mongodb/src/operations/execute_operation.ts:290:26)\n      at executeOperation (node_modules/mongodb/src/operations/execute_operation.ts:119:12)\n      at Collection.insertOne (node_modules/mongodb/src/collection.ts:294:12)\n\n  ● Audio Features › PATCH /api/v1/comments/audio/:audioCommentId/speed › should update playback speed\n\n    MongoServerError: language override unsupported: auto-detected\n\n      at InsertOneOperation.handleOk (node_modules/mongodb/src/operations/insert.ts:79:13)\n      at tryOperation (node_modules/mongodb/src/operations/execute_operation.ts:290:26)\n      at executeOperation (node_modules/mongodb/src/operations/execute_operation.ts:119:12)\n      at Collection.insertOne (node_modules/mongodb/src/collection.ts:294:12)\n\n  ● Audio Features › PATCH /api/v1/comments/audio/:audioCommentId/speed › should reject invalid speed\n\n    MongoServerError: language override unsupported: auto-detected\n\n      at InsertOneOperation.handleOk (node_modules/mongodb/src/operations/insert.ts:79:13)\n      at tryOperation (node_modules/mongodb/src/operations/execute_operation.ts:290:26)\n      at executeOperation (node_modules/mongodb/src/operations/execute_operation.ts:119:12)\n      at Collection.insertOne (node_modules/mongodb/src/collection.ts:294:12)\n","name":"D:\\My Projects\\Social Media Backend API\\tests\\audio.test.js","startTime":1775966055408,"status":"failed","summary":""},{"assertionResults":[{"ancestorTitles":["Integration Tests - Full User Journey","Complete User Flow"],"duration":831,"failureDetails":[],"failureMessages":[],"fullName":"Integration Tests - Full User Journey Complete User Flow Step 1: User 1 signs up","invocations":1,"location":null,"numPassingAsserts":1,"retryReasons":[],"status":"passed","title":"Step 1: User 1 signs up"},{"ancestorTitles":["Integration Tests - Full User Journey","Complete User Flow"],"duration":635,"failureDetails":[],"failureMessages":[],"fullName":"Integration Tests - Full User Journey Complete User Flow Step 2: User 2 signs up","invocations":1,"location":null,"numPassingAsserts":1,"retryReasons":[],"status":"passed","title":"Step 2: User 2 signs up"},{"ancestorTitles":["Integration Tests - Full User Journey","Complete User Flow"],"duration":31,"failureDetails":[{"matcherResult":{"actual":401,"expected":201,"message":"expect(received).toBe(expected) // Object.is equality\n\nExpected: 201\nReceived: 401","name":"toBe","pass":false}}],"failureMessages":["Error: expect(received).toBe(expected) // Object.is equality\n\nExpected: 201\nReceived: 401\n    at Object.toBe (D:\\My Projects\\Social Media Backend API\\tests\\integration.test.js:63:30)\n    at processTicksAndRejections (node:internal/process/task_queues:105:5)"],"fullName":"Integration Tests - Full User Journey Complete User Flow Step 3: User 1 creates a post","invocations":1,"location":null,"numPassingAsserts":0,"retryReasons":[],"status":"failed","title":"Step 3: User 1 creates a post"},{"ancestorTitles":["Integration Tests - Full User Journey","Complete User Flow"],"duration":25,"failureDetails":[{"matcherResult":{"actual":401,"expected":200,"message":"expect(received).toBe(expected) // Object.is equality\n\nExpected: 200\nReceived: 401","name":"toBe","pass":false}}],"failureMessages":["Error: expect(received).toBe(expected) // Object.is equality\n\nExpected: 200\nReceived: 401\n    at Object.toBe (D:\\My Projects\\Social Media Backend API\\tests\\integration.test.js:73:30)\n    at processTicksAndRejections (node:internal/process/task_queues:105:5)"],"fullName":"Integration Tests - Full User Journey Complete User Flow Step 4: User 2 follows User 1","invocations":1,"location":null,"numPassingAsserts":0,"retryReasons":[],"status":"failed","title":"Step 4: User 2 follows User 1"},{"ancestorTitles":["Integration Tests - Full User Journey","Complete User Flow"],"duration":25,"failureDetails":[{"matcherResult":{"actual":401,"expected":200,"message":"expect(received).toBe(expected) // Object.is equality\n\nExpected: 200\nReceived: 401","name":"toBe","pass":false}}],"failureMessages":["Error: expect(received).toBe(expected) // Object.is equality\n\nExpected: 200\nReceived: 401\n    at Object.toBe (D:\\My Projects\\Social Media Backend API\\tests\\integration.test.js:83:30)\n    at processTicksAndRejections (node:internal/process/task_queues:105:5)"],"fullName":"Integration Tests - Full User Journey Complete User Flow Step 5: User 2 likes User 1's post","invocations":1,"location":null,"numPassingAsserts":0,"retryReasons":[],"status":"failed","title":"Step 5: User 2 likes User 1's post"},{"ancestorTitles":["Integration Tests - Full User Journey","Complete User Flow"],"duration":28,"failureDetails":[{"matcherResult":{"actual":401,"expected":201,"message":"expect(received).toBe(expected) // Object.is equality\n\nExpected: 201\nReceived: 401","name":"toBe","pass":false}}],"failureMessages":["Error: expect(received).toBe(expected) // Object.is equality\n\nExpected: 201\nReceived: 401\n    at Object.toBe (D:\\My Projects\\Social Media Backend API\\tests\\integration.test.js:96:30)\n    at processTicksAndRejections (node:internal/process/task_queues:105:5)"],"fullName":"Integration Tests - Full User Journey Complete User Flow Step 6: User 2 comments on User 1's post","invocations":1,"location":null,"numPassingAsserts":0,"retryReasons":[],"status":"failed","title":"Step 6: User 2 comments on User 1's post"},{"ancestorTitles":["Integration Tests - Full User Journey","Complete User Flow"],"duration":25,"failureDetails":[{"matcherResult":{"actual":401,"expected":201,"message":"expect(received).toBe(expected) // Object.is equality\n\nExpected: 201\nReceived: 401","name":"toBe","pass":false}}],"failureMessages":["Error: expect(received).toBe(expected) // Object.is equality\n\nExpected: 201\nReceived: 401\n    at Object.toBe (D:\\My Projects\\Social Media Backend API\\tests\\integration.test.js:110:30)\n    at processTicksAndRejections (node:internal/process/task_queues:105:5)"],"fullName":"Integration Tests - Full User Journey Complete User Flow Step 7: User 1 replies to the comment","invocations":1,"location":null,"numPassingAsserts":0,"retryReasons":[],"status":"failed","title":"Step 7: User 1 replies to the comment"},{"ancestorTitles":["Integration Tests - Full User Journey","Complete User Flow"],"duration":22,"failureDetails":[{"matcherResult":{"actual":401,"expected":201,"message":"expect(received).toBe(expected) // Object.is equality\n\nExpected: 201\nReceived: 401","name":"toBe","pass":false}}],"failureMessages":["Error: expect(received).toBe(expected) // Object.is equality\n\nExpected: 201\nReceived: 401\n    at Object.toBe (D:\\My Projects\\Social Media Backend API\\tests\\integration.test.js:123:30)\n    at processTicksAndRejections (node:internal/process/task_queues:105:5)"],"fullName":"Integration Tests - Full User Journey Complete User Flow Step 8: User 2 sends message to User 1","invocations":1,"location":null,"numPassingAsserts":0,"retryReasons":[],"status":"failed","title":"Step 8: User 2 sends message to User 1"},{"ancestorTitles":["Integration Tests - Full User Journey","Complete User Flow"],"duration":134,"failureDetails":[{"matcherResult":{"actual":401,"expected":200,"message":"expect(received).toBe(expected) // Object.is equality\n\nExpected: 200\nReceived: 401","name":"toBe","pass":false}}],"failureMessages":["Error: expect(received).toBe(expected) // Object.is equality\n\nExpected: 200\nReceived: 401\n    at Object.toBe (D:\\My Projects\\Social Media Backend API\\tests\\integration.test.js:135:30)\n    at processTicksAndRejections (node:internal/process/task_queues:105:5)"],"fullName":"Integration Tests - Full User Journey Complete User Flow Step 9: User 1 checks notifications","invocations":1,"location":null,"numPassingAsserts":0,"retryReasons":[],"status":"failed","title":"Step 9: User 1 checks notifications"},{"ancestorTitles":["Integration Tests - Full User Journey","Complete User Flow"],"duration":24,"failureDetails":[{"matcherResult":{"actual":401,"expected":200,"message":"expect(received).toBe(expected) // Object.is equality\n\nExpected: 200\nReceived: 401","name":"toBe","pass":false}}],"failureMessages":["Error: expect(received).toBe(expected) // Object.is equality\n\nExpected: 200\nReceived: 401\n    at Object.toBe (D:\\My Projects\\Social Media Backend API\\tests\\integration.test.js:145:30)\n    at processTicksAndRejections (node:internal/process/task_queues:105:5)"],"fullName":"Integration Tests - Full User Journey Complete User Flow Step 10: User 1 views their feed","invocations":1,"location":null,"numPassingAsserts":0,"retryReasons":[],"status":"failed","title":"Step 10: User 1 views their feed"},{"ancestorTitles":["Integration Tests - Full User Journey","Complete User Flow"],"duration":25,"failureDetails":[{"matcherResult":{"actual":401,"expected":200,"message":"expect(received).toBe(expected) // Object.is equality\n\nExpected: 200\nReceived: 401","name":"toBe","pass":false}}],"failureMessages":["Error: expect(received).toBe(expected) // Object.is equality\n\nExpected: 200\nReceived: 401\n    at Object.toBe (D:\\My Projects\\Social Media Backend API\\tests\\integration.test.js:157:30)\n    at processTicksAndRejections (node:internal/process/task_queues:105:5)"],"fullName":"Integration Tests - Full User Journey Complete User Flow Step 11: User 1 updates profile","invocations":1,"location":null,"numPassingAsserts":0,"retryReasons":[],"status":"failed","title":"Step 11: User 1 updates profile"},{"ancestorTitles":["Integration Tests - Full User Journey","Complete User Flow"],"duration":24,"failureDetails":[{"matcherResult":{"actual":401,"expected":200,"message":"expect(received).toBe(expected) // Object.is equality\n\nExpected: 200\nReceived: 401","name":"toBe","pass":false}}],"failureMessages":["Error: expect(received).toBe(expected) // Object.is equality\n\nExpected: 200\nReceived: 401\n    at Object.toBe (D:\\My Projects\\Social Media Backend API\\tests\\integration.test.js:166:30)\n    at processTicksAndRejections (node:internal/process/task_queues:105:5)"],"fullName":"Integration Tests - Full User Journey Complete User Flow Step 12: User 2 searches for User 1","invocations":1,"location":null,"numPassingAsserts":0,"retryReasons":[],"status":"failed","title":"Step 12: User 2 searches for User 1"},{"ancestorTitles":["Integration Tests - Full User Journey","Complete User Flow"],"duration":25,"failureDetails":[{"matcherResult":{"actual":401,"expected":200,"message":"expect(received).toBe(expected) // Object.is equality\n\nExpected: 200\nReceived: 401","name":"toBe","pass":false}}],"failureMessages":["Error: expect(received).toBe(expected) // Object.is equality\n\nExpected: 200\nReceived: 401\n    at Object.toBe (D:\\My Projects\\Social Media Backend API\\tests\\integration.test.js:175:30)\n    at processTicksAndRejections (node:internal/process/task_queues:105:5)"],"fullName":"Integration Tests - Full User Journey Complete User Flow Step 13: User 1 views conversation with User 2","invocations":1,"location":null,"numPassingAsserts":0,"retryReasons":[],"status":"failed","title":"Step 13: User 1 views conversation with User 2"},{"ancestorTitles":["Integration Tests - Full User Journey","Complete User Flow"],"duration":25,"failureDetails":[{"matcherResult":{"actual":401,"expected":200,"message":"expect(received).toBe(expected) // Object.is equality\n\nExpected: 200\nReceived: 401","name":"toBe","pass":false}}],"failureMessages":["Error: expect(received).toBe(expected) // Object.is equality\n\nExpected: 200\nReceived: 401\n    at Object.toBe (D:\\My Projects\\Social Media Backend API\\tests\\integration.test.js:184:30)\n    at processTicksAndRejections (node:internal/process/task_queues:105:5)"],"fullName":"Integration Tests - Full User Journey Complete User Flow Step 14: User 2 unfollows User 1","invocations":1,"location":null,"numPassingAsserts":0,"retryReasons":[],"status":"failed","title":"Step 14: User 2 unfollows User 1"},{"ancestorTitles":["Integration Tests - Full User Journey","Complete User Flow"],"duration":24,"failureDetails":[{"matcherResult":{"actual":401,"expected":204,"message":"expect(received).toBe(expected) // Object.is equality\n\nExpected: 204\nReceived: 401","name":"toBe","pass":false}}],"failureMessages":["Error: expect(received).toBe(expected) // Object.is equality\n\nExpected: 204\nReceived: 401\n    at Object.toBe (D:\\My Projects\\Social Media Backend API\\tests\\integration.test.js:193:30)\n    at processTicksAndRejections (node:internal/process/task_queues:105:5)"],"fullName":"Integration Tests - Full User Journey Complete User Flow Step 15: User 1 deletes their post","invocations":1,"location":null,"numPassingAsserts":0,"retryReasons":[],"status":"failed","title":"Step 15: User 1 deletes their post"},{"ancestorTitles":["Integration Tests - Full User Journey","Complete User Flow"],"duration":30,"failureDetails":[{"matcherResult":{"actual":401,"expected":404,"message":"expect(received).toBe(expected) // Object.is equality\n\nExpected: 404\nReceived: 401","name":"toBe","pass":false}}],"failureMessages":["Error: expect(received).toBe(expected) // Object.is equality\n\nExpected: 404\nReceived: 401\n    at Object.toBe (D:\\My Projects\\Social Media Backend API\\tests\\integration.test.js:201:30)\n    at processTicksAndRejections (node:internal/process/task_queues:105:5)"],"fullName":"Integration Tests - Full User Journey Complete User Flow Step 16: Verify post is deleted","invocations":1,"location":null,"numPassingAsserts":0,"retryReasons":[],"status":"failed","title":"Step 16: Verify post is deleted"},{"ancestorTitles":["Integration Tests - Full User Journey","Error Handling"],"duration":23,"failureDetails":[{"matcherResult":{"actual":401,"expected":400,"message":"expect(received).toBe(expected) // Object.is equality\n\nExpected: 400\nReceived: 401","name":"toBe","pass":false}}],"failureMessages":["Error: expect(received).toBe(expected) // Object.is equality\n\nExpected: 400\nReceived: 401\n    at Object.toBe (D:\\My Projects\\Social Media Backend API\\tests\\integration.test.js:211:30)\n    at processTicksAndRejections (node:internal/process/task_queues:105:5)"],"fullName":"Integration Tests - Full User Journey Error Handling should handle invalid ObjectId gracefully","invocations":1,"location":null,"numPassingAsserts":0,"retryReasons":[],"status":"failed","title":"should handle invalid ObjectId gracefully"},{"ancestorTitles":["Integration Tests - Full User Journey","Error Handling"],"duration":32,"failureDetails":[],"failureMessages":[],"fullName":"Integration Tests - Full User Journey Error Handling should handle unauthorized access","invocations":1,"location":null,"numPassingAsserts":1,"retryReasons":[],"status":"passed","title":"should handle unauthorized access"},{"ancestorTitles":["Integration Tests - Full User Journey","Error Handling"],"duration":19,"failureDetails":[],"failureMessages":[],"fullName":"Integration Tests - Full User Journey Error Handling should handle validation errors","invocations":1,"location":null,"numPassingAsserts":2,"retryReasons":[],"status":"passed","title":"should handle validation errors"},{"ancestorTitles":["Integration Tests - Full User Journey","Privacy & Security"],"duration":29,"failureDetails":[{"matcherResult":{"actual":404,"expected":403,"message":"expect(received).toBe(expected) // Object.is equality\n\nExpected: 403\nReceived: 404","name":"toBe","pass":false}}],"failureMessages":["Error: expect(received).toBe(expected) // Object.is equality\n\nExpected: 403\nReceived: 404\n    at Object.toBe (D:\\My Projects\\Social Media Backend API\\tests\\integration.test.js:247:30)\n    at processTicksAndRejections (node:internal/process/task_queues:105:5)"],"fullName":"Integration Tests - Full User Journey Privacy & Security should not allow viewing private profile without following","invocations":1,"location":null,"numPassingAsserts":0,"retryReasons":[],"status":"failed","title":"should not allow viewing private profile without following"},{"ancestorTitles":["Integration Tests - Full User Journey","Privacy & Security"],"duration":23,"failureDetails":[{"matcherResult":{"actual":401,"expected":200,"message":"expect(received).toBe(expected) // Object.is equality\n\nExpected: 200\nReceived: 401","name":"toBe","pass":false}}],"failureMessages":["Error: expect(received).toBe(expected) // Object.is equality\n\nExpected: 200\nReceived: 401\n    at Object.toBe (D:\\My Projects\\Social Media Backend API\\tests\\integration.test.js:255:30)\n    at processTicksAndRejections (node:internal/process/task_queues:105:5)"],"fullName":"Integration Tests - Full User Journey Privacy & Security should not expose sensitive fields in user object","invocations":1,"location":null,"numPassingAsserts":0,"retryReasons":[],"status":"failed","title":"should not expose sensitive fields in user object"}],"endTime":1775966069713,"message":"  ● Integration Tests - Full User Journey › Complete User Flow › Step 3: User 1 creates a post\n\n    expect(received).toBe(expected) // Object.is equality\n\n    Expected: 201\n    Received: 401\n\n    \u001b[0m \u001b[90m 61 |\u001b[39m         })\u001b[33m;\u001b[39m\n     \u001b[90m 62 |\u001b[39m       \n    \u001b[31m\u001b[1m>\u001b[22m\u001b[39m\u001b[90m 63 |\u001b[39m       expect(res\u001b[33m.\u001b[39mstatusCode)\u001b[33m.\u001b[39mtoBe(\u001b[35m201\u001b[39m)\u001b[33m;\u001b[39m\n     \u001b[90m    |\u001b[39m                              \u001b[31m\u001b[1m^\u001b[22m\u001b[39m\n     \u001b[90m 64 |\u001b[39m       postId \u001b[33m=\u001b[39m res\u001b[33m.\u001b[39mbody\u001b[33m.\u001b[39mdata\u001b[33m.\u001b[39mpost\u001b[33m.\u001b[39m_id\u001b[33m;\u001b[39m\n     \u001b[90m 65 |\u001b[39m       expect(res\u001b[33m.\u001b[39mbody\u001b[33m.\u001b[39mdata\u001b[33m.\u001b[39mpost\u001b[33m.\u001b[39mhashtags)\u001b[33m.\u001b[39mtoContain(\u001b[32m'firstpost'\u001b[39m)\u001b[33m;\u001b[39m\n     \u001b[90m 66 |\u001b[39m     })\u001b[33m;\u001b[39m\u001b[0m\n\n      at Object.toBe (tests/integration.test.js:63:30)\n\n  ● Integration Tests - Full User Journey › Complete User Flow › Step 4: User 2 follows User 1\n\n    expect(received).toBe(expected) // Object.is equality\n\n    Expected: 200\n    Received: 401\n\n    \u001b[0m \u001b[90m 71 |\u001b[39m         \u001b[33m.\u001b[39m\u001b[36mset\u001b[39m(\u001b[32m'Authorization'\u001b[39m\u001b[33m,\u001b[39m \u001b[32m`Bearer ${user2Token}`\u001b[39m)\u001b[33m;\u001b[39m\n     \u001b[90m 72 |\u001b[39m       \n    \u001b[31m\u001b[1m>\u001b[22m\u001b[39m\u001b[90m 73 |\u001b[39m       expect(res\u001b[33m.\u001b[39mstatusCode)\u001b[33m.\u001b[39mtoBe(\u001b[35m200\u001b[39m)\u001b[33m;\u001b[39m\n     \u001b[90m    |\u001b[39m                              \u001b[31m\u001b[1m^\u001b[22m\u001b[39m\n     \u001b[90m 74 |\u001b[39m       expect(res\u001b[33m.\u001b[39mbody\u001b[33m.\u001b[39mdata\u001b[33m.\u001b[39mfollowing)\u001b[33m.\u001b[39mtoBe(\u001b[36mtrue\u001b[39m)\u001b[33m;\u001b[39m\n     \u001b[90m 75 |\u001b[39m     })\u001b[33m;\u001b[39m\n     \u001b[90m 76 |\u001b[39m\u001b[0m\n\n      at Object.toBe (tests/integration.test.js:73:30)\n\n  ● Integration Tests - Full User Journey › Complete User Flow › Step 5: User 2 likes User 1's post\n\n    expect(received).toBe(expected) // Object.is equality\n\n    Expected: 200\n    Received: 401\n\n    \u001b[0m \u001b[90m 81 |\u001b[39m         \u001b[33m.\u001b[39msend({ reaction\u001b[33m:\u001b[39m \u001b[32m'like'\u001b[39m })\u001b[33m;\u001b[39m\n     \u001b[90m 82 |\u001b[39m       \n    \u001b[31m\u001b[1m>\u001b[22m\u001b[39m\u001b[90m 83 |\u001b[39m       expect(res\u001b[33m.\u001b[39mstatusCode)\u001b[33m.\u001b[39mtoBe(\u001b[35m200\u001b[39m)\u001b[33m;\u001b[39m\n     \u001b[90m    |\u001b[39m                              \u001b[31m\u001b[1m^\u001b[22m\u001b[39m\n     \u001b[90m 84 |\u001b[39m       expect(res\u001b[33m.\u001b[39mbody\u001b[33m.\u001b[39mdata\u001b[33m.\u001b[39misLiked)\u001b[33m.\u001b[39mtoBe(\u001b[36mtrue\u001b[39m)\u001b[33m;\u001b[39m\n     \u001b[90m 85 |\u001b[39m       expect(res\u001b[33m.\u001b[39mbody\u001b[33m.\u001b[39mdata\u001b[33m.\u001b[39mlikesCount)\u001b[33m.\u001b[39mtoBe(\u001b[35m1\u001b[39m)\u001b[33m;\u001b[39m\n     \u001b[90m 86 |\u001b[39m     })\u001b[33m;\u001b[39m\u001b[0m\n\n      at Object.toBe (tests/integration.test.js:83:30)\n\n  ● Integration Tests - Full User Journey › Complete User Flow › Step 6: User 2 comments on User 1's post\n\n    expect(received).toBe(expected) // Object.is equality\n\n    Expected: 201\n    Received: 401\n\n    \u001b[0m \u001b[90m 94 |\u001b[39m         })\u001b[33m;\u001b[39m\n     \u001b[90m 95 |\u001b[39m       \n    \u001b[31m\u001b[1m>\u001b[22m\u001b[39m\u001b[90m 96 |\u001b[39m       expect(res\u001b[33m.\u001b[39mstatusCode)\u001b[33m.\u001b[39mtoBe(\u001b[35m201\u001b[39m)\u001b[33m;\u001b[39m\n     \u001b[90m    |\u001b[39m                              \u001b[31m\u001b[1m^\u001b[22m\u001b[39m\n     \u001b[90m 97 |\u001b[39m       commentId \u001b[33m=\u001b[39m res\u001b[33m.\u001b[39mbody\u001b[33m.\u001b[39mdata\u001b[33m.\u001b[39mcomment\u001b[33m.\u001b[39m_id\u001b[33m;\u001b[39m\n     \u001b[90m 98 |\u001b[39m       expect(res\u001b[33m.\u001b[39mbody\u001b[33m.\u001b[39mdata\u001b[33m.\u001b[39mcomment\u001b[33m.\u001b[39mcontent)\u001b[33m.\u001b[39mtoBe(\u001b[32m'Great post!'\u001b[39m)\u001b[33m;\u001b[39m\n     \u001b[90m 99 |\u001b[39m     })\u001b[33m;\u001b[39m\u001b[0m\n\n      at Object.toBe (tests/integration.test.js:96:30)\n\n  ● Integration Tests - Full User Journey › Complete User Flow › Step 7: User 1 replies to the comment\n\n    expect(received).toBe(expected) // Object.is equality\n\n    Expected: 201\n    Received: 401\n\n    \u001b[0m \u001b[90m 108 |\u001b[39m         })\u001b[33m;\u001b[39m\n     \u001b[90m 109 |\u001b[39m       \n    \u001b[31m\u001b[1m>\u001b[22m\u001b[39m\u001b[90m 110 |\u001b[39m       expect(res\u001b[33m.\u001b[39mstatusCode)\u001b[33m.\u001b[39mtoBe(\u001b[35m201\u001b[39m)\u001b[33m;\u001b[39m\n     \u001b[90m     |\u001b[39m                              \u001b[31m\u001b[1m^\u001b[22m\u001b[39m\n     \u001b[90m 111 |\u001b[39m       expect(res\u001b[33m.\u001b[39mbody\u001b[33m.\u001b[39mdata\u001b[33m.\u001b[39mcomment\u001b[33m.\u001b[39mparentComment)\u001b[33m.\u001b[39mtoBe(commentId)\u001b[33m;\u001b[39m\n     \u001b[90m 112 |\u001b[39m     })\u001b[33m;\u001b[39m\n     \u001b[90m 113 |\u001b[39m\u001b[0m\n\n      at Object.toBe (tests/integration.test.js:110:30)\n\n  ● Integration Tests - Full User Journey › Complete User Flow › Step 8: User 2 sends message to User 1\n\n    expect(received).toBe(expected) // Object.is equality\n\n    Expected: 201\n    Received: 401\n\n    \u001b[0m \u001b[90m 121 |\u001b[39m         })\u001b[33m;\u001b[39m\n     \u001b[90m 122 |\u001b[39m       \n    \u001b[31m\u001b[1m>\u001b[22m\u001b[39m\u001b[90m 123 |\u001b[39m       expect(res\u001b[33m.\u001b[39mstatusCode)\u001b[33m.\u001b[39mtoBe(\u001b[35m201\u001b[39m)\u001b[33m;\u001b[39m\n     \u001b[90m     |\u001b[39m                              \u001b[31m\u001b[1m^\u001b[22m\u001b[39m\n     \u001b[90m 124 |\u001b[39m       expect(res\u001b[33m.\u001b[39mbody\u001b[33m.\u001b[39mdata\u001b[33m.\u001b[39mmessage\u001b[33m.\u001b[39mstatus)\u001b[33m.\u001b[39mtoBe(\u001b[32m'sent'\u001b[39m)\u001b[33m;\u001b[39m\n     \u001b[90m 125 |\u001b[39m     })\u001b[33m;\u001b[39m\n     \u001b[90m 126 |\u001b[39m\u001b[0m\n\n      at Object.toBe (tests/integration.test.js:123:30)\n\n  ● Integration Tests - Full User Journey › Complete User Flow › Step 9: User 1 checks notifications\n\n    expect(received).toBe(expected) // Object.is equality\n\n    Expected: 200\n    Received: 401\n\n    \u001b[0m \u001b[90m 133 |\u001b[39m         \u001b[33m.\u001b[39m\u001b[36mset\u001b[39m(\u001b[32m'Authorization'\u001b[39m\u001b[33m,\u001b[39m \u001b[32m`Bearer ${user1Token}`\u001b[39m)\u001b[33m;\u001b[39m\n     \u001b[90m 134 |\u001b[39m       \n    \u001b[31m\u001b[1m>\u001b[22m\u001b[39m\u001b[90m 135 |\u001b[39m       expect(res\u001b[33m.\u001b[39mstatusCode)\u001b[33m.\u001b[39mtoBe(\u001b[35m200\u001b[39m)\u001b[33m;\u001b[39m\n     \u001b[90m     |\u001b[39m                              \u001b[31m\u001b[1m^\u001b[22m\u001b[39m\n     \u001b[90m 136 |\u001b[39m       expect(res\u001b[33m.\u001b[39mbody\u001b[33m.\u001b[39mdata\u001b[33m.\u001b[39mnotifications\u001b[33m.\u001b[39mlength)\u001b[33m.\u001b[39mtoBeGreaterThan(\u001b[35m0\u001b[39m)\u001b[33m;\u001b[39m\n     \u001b[90m 137 |\u001b[39m       expect(res\u001b[33m.\u001b[39mbody\u001b[33m.\u001b[39mdata\u001b[33m.\u001b[39munreadCount)\u001b[33m.\u001b[39mtoBeGreaterThan(\u001b[35m0\u001b[39m)\u001b[33m;\u001b[39m\n     \u001b[90m 138 |\u001b[39m     })\u001b[33m;\u001b[39m\u001b[0m\n\n      at Object.toBe (tests/integration.test.js:135:30)\n\n  ● Integration Tests - Full User Journey › Complete User Flow › Step 10: User 1 views their feed\n\n    expect(received).toBe(expected) // Object.is equality\n\n    Expected: 200\n    Received: 401\n\n    \u001b[0m \u001b[90m 143 |\u001b[39m         \u001b[33m.\u001b[39m\u001b[36mset\u001b[39m(\u001b[32m'Authorization'\u001b[39m\u001b[33m,\u001b[39m \u001b[32m`Bearer ${user1Token}`\u001b[39m)\u001b[33m;\u001b[39m\n     \u001b[90m 144 |\u001b[39m       \n    \u001b[31m\u001b[1m>\u001b[22m\u001b[39m\u001b[90m 145 |\u001b[39m       expect(res\u001b[33m.\u001b[39mstatusCode)\u001b[33m.\u001b[39mtoBe(\u001b[35m200\u001b[39m)\u001b[33m;\u001b[39m\n     \u001b[90m     |\u001b[39m                              \u001b[31m\u001b[1m^\u001b[22m\u001b[39m\n     \u001b[90m 146 |\u001b[39m       expect(res\u001b[33m.\u001b[39mbody\u001b[33m.\u001b[39mdata\u001b[33m.\u001b[39mposts\u001b[33m.\u001b[39mlength)\u001b[33m.\u001b[39mtoBeGreaterThan(\u001b[35m0\u001b[39m)\u001b[33m;\u001b[39m\n     \u001b[90m 147 |\u001b[39m     })\u001b[33m;\u001b[39m\n     \u001b[90m 148 |\u001b[39m\u001b[0m\n\n      at Object.toBe (tests/integration.test.js:145:30)\n\n  ● Integration Tests - Full User Journey › Complete User Flow › Step 11: User 1 updates profile\n\n    expect(received).toBe(expected) // Object.is equality\n\n    Expected: 200\n    Received: 401\n\n    \u001b[0m \u001b[90m 155 |\u001b[39m         })\u001b[33m;\u001b[39m\n     \u001b[90m 156 |\u001b[39m       \n    \u001b[31m\u001b[1m>\u001b[22m\u001b[39m\u001b[90m 157 |\u001b[39m       expect(res\u001b[33m.\u001b[39mstatusCode)\u001b[33m.\u001b[39mtoBe(\u001b[35m200\u001b[39m)\u001b[33m;\u001b[39m\n     \u001b[90m     |\u001b[39m                              \u001b[31m\u001b[1m^\u001b[22m\u001b[39m\n     \u001b[90m 158 |\u001b[39m       expect(res\u001b[33m.\u001b[39mbody\u001b[33m.\u001b[39mdata\u001b[33m.\u001b[39muser\u001b[33m.\u001b[39mbio)\u001b[33m.\u001b[39mtoBe(\u001b[32m'Living the journey!'\u001b[39m)\u001b[33m;\u001b[39m\n     \u001b[90m 159 |\u001b[39m     })\u001b[33m;\u001b[39m\n     \u001b[90m 160 |\u001b[39m\u001b[0m\n\n      at Object.toBe (tests/integration.test.js:157:30)\n\n  ● Integration Tests - Full User Journey › Complete User Flow › Step 12: User 2 searches for User 1\n\n    expect(received).toBe(expected) // Object.is equality\n\n    Expected: 200\n    Received: 401\n\n    \u001b[0m \u001b[90m 164 |\u001b[39m         \u001b[33m.\u001b[39m\u001b[36mset\u001b[39m(\u001b[32m'Authorization'\u001b[39m\u001b[33m,\u001b[39m \u001b[32m`Bearer ${user2Token}`\u001b[39m)\u001b[33m;\u001b[39m\n     \u001b[90m 165 |\u001b[39m       \n    \u001b[31m\u001b[1m>\u001b[22m\u001b[39m\u001b[90m 166 |\u001b[39m       expect(res\u001b[33m.\u001b[39mstatusCode)\u001b[33m.\u001b[39mtoBe(\u001b[35m200\u001b[39m)\u001b[33m;\u001b[39m\n     \u001b[90m     |\u001b[39m                              \u001b[31m\u001b[1m^\u001b[22m\u001b[39m\n     \u001b[90m 167 |\u001b[39m       expect(res\u001b[33m.\u001b[39mbody\u001b[33m.\u001b[39mdata\u001b[33m.\u001b[39musers\u001b[33m.\u001b[39msome(u \u001b[33m=>\u001b[39m u\u001b[33m.\u001b[39musername \u001b[33m===\u001b[39m \u001b[32m'journeyuser1'\u001b[39m))\u001b[33m.\u001b[39mtoBe(\u001b[36mtrue\u001b[39m)\u001b[33m;\u001b[39m\n     \u001b[90m 168 |\u001b[39m     })\u001b[33m;\u001b[39m\n     \u001b[90m 169 |\u001b[39m\u001b[0m\n\n      at Object.toBe (tests/integration.test.js:166:30)\n\n  ● Integration Tests - Full User Journey › Complete User Flow › Step 13: User 1 views conversation with User 2\n\n    expect(received).toBe(expected) // Object.is equality\n\n    Expected: 200\n    Received: 401\n\n    \u001b[0m \u001b[90m 173 |\u001b[39m         \u001b[33m.\u001b[39m\u001b[36mset\u001b[39m(\u001b[32m'Authorization'\u001b[39m\u001b[33m,\u001b[39m \u001b[32m`Bearer ${user1Token}`\u001b[39m)\u001b[33m;\u001b[39m\n     \u001b[90m 174 |\u001b[39m       \n    \u001b[31m\u001b[1m>\u001b[22m\u001b[39m\u001b[90m 175 |\u001b[39m       expect(res\u001b[33m.\u001b[39mstatusCode)\u001b[33m.\u001b[39mtoBe(\u001b[35m200\u001b[39m)\u001b[33m;\u001b[39m\n     \u001b[90m     |\u001b[39m                              \u001b[31m\u001b[1m^\u001b[22m\u001b[39m\n     \u001b[90m 176 |\u001b[39m       expect(res\u001b[33m.\u001b[39mbody\u001b[33m.\u001b[39mdata\u001b[33m.\u001b[39mmessages\u001b[33m.\u001b[39mlength)\u001b[33m.\u001b[39mtoBeGreaterThan(\u001b[35m0\u001b[39m)\u001b[33m;\u001b[39m\n     \u001b[90m 177 |\u001b[39m     })\u001b[33m;\u001b[39m\n     \u001b[90m 178 |\u001b[39m\u001b[0m\n\n      at Object.toBe (tests/integration.test.js:175:30)\n\n  ● Integration Tests - Full User Journey › Complete User Flow › Step 14: User 2 unfollows User 1\n\n    expect(received).toBe(expected) // Object.is equality\n\n    Expected: 200\n    Received: 401\n\n    \u001b[0m \u001b[90m 182 |\u001b[39m         \u001b[33m.\u001b[39m\u001b[36mset\u001b[39m(\u001b[32m'Authorization'\u001b[39m\u001b[33m,\u001b[39m \u001b[32m`Bearer ${user2Token}`\u001b[39m)\u001b[33m;\u001b[39m\n     \u001b[90m 183 |\u001b[39m       \n    \u001b[31m\u001b[1m>\u001b[22m\u001b[39m\u001b[90m 184 |\u001b[39m       expect(res\u001b[33m.\u001b[39mstatusCode)\u001b[33m.\u001b[39mtoBe(\u001b[35m200\u001b[39m)\u001b[33m;\u001b[39m\n     \u001b[90m     |\u001b[39m                              \u001b[31m\u001b[1m^\u001b[22m\u001b[39m\n     \u001b[90m 185 |\u001b[39m       expect(res\u001b[33m.\u001b[39mbody\u001b[33m.\u001b[39mdata\u001b[33m.\u001b[39mfollowing)\u001b[33m.\u001b[39mtoBe(\u001b[36mfalse\u001b[39m)\u001b[33m;\u001b[39m\n     \u001b[90m 186 |\u001b[39m     })\u001b[33m;\u001b[39m\n     \u001b[90m 187 |\u001b[39m\u001b[0m\n\n      at Object.toBe (tests/integration.test.js:184:30)\n\n  ● Integration Tests - Full User Journey › Complete User Flow › Step 15: User 1 deletes their post\n\n    expect(received).toBe(expected) // Object.is equality\n\n    Expected: 204\n    Received: 401\n\n    \u001b[0m \u001b[90m 191 |\u001b[39m         \u001b[33m.\u001b[39m\u001b[36mset\u001b[39m(\u001b[32m'Authorization'\u001b[39m\u001b[33m,\u001b[39m \u001b[32m`Bearer ${user1Token}`\u001b[39m)\u001b[33m;\u001b[39m\n     \u001b[90m 192 |\u001b[39m       \n    \u001b[31m\u001b[1m>\u001b[22m\u001b[39m\u001b[90m 193 |\u001b[39m       expect(res\u001b[33m.\u001b[39mstatusCode)\u001b[33m.\u001b[39mtoBe(\u001b[35m204\u001b[39m)\u001b[33m;\u001b[39m\n     \u001b[90m     |\u001b[39m                              \u001b[31m\u001b[1m^\u001b[22m\u001b[39m\n     \u001b[90m 194 |\u001b[39m     })\u001b[33m;\u001b[39m\n     \u001b[90m 195 |\u001b[39m\n     \u001b[90m 196 |\u001b[39m     it(\u001b[32m'Step 16: Verify post is deleted'\u001b[39m\u001b[33m,\u001b[39m \u001b[36masync\u001b[39m () \u001b[33m=>\u001b[39m {\u001b[0m\n\n      at Object.toBe (tests/integration.test.js:193:30)\n\n  ● Integration Tests - Full User Journey › Complete User Flow › Step 16: Verify post is deleted\n\n    expect(received).toBe(expected) // Object.is equality\n\n    Expected: 404\n    Received: 401\n\n    \u001b[0m \u001b[90m 199 |\u001b[39m         \u001b[33m.\u001b[39m\u001b[36mset\u001b[39m(\u001b[32m'Authorization'\u001b[39m\u001b[33m,\u001b[39m \u001b[32m`Bearer ${user1Token}`\u001b[39m)\u001b[33m;\u001b[39m\n     \u001b[90m 200 |\u001b[39m       \n    \u001b[31m\u001b[1m>\u001b[22m\u001b[39m\u001b[90m 201 |\u001b[39m       expect(res\u001b[33m.\u001b[39mstatusCode)\u001b[33m.\u001b[39mtoBe(\u001b[35m404\u001b[39m)\u001b[33m;\u001b[39m\n     \u001b[90m     |\u001b[39m                              \u001b[31m\u001b[1m^\u001b[22m\u001b[39m\n     \u001b[90m 202 |\u001b[39m     })\u001b[33m;\u001b[39m\n     \u001b[90m 203 |\u001b[39m   })\u001b[33m;\u001b[39m\n     \u001b[90m 204 |\u001b[39m\u001b[0m\n\n      at Object.toBe (tests/integration.test.js:201:30)\n\n  ● Integration Tests - Full User Journey › Error Handling › should handle invalid ObjectId gracefully\n\n    expect(received).toBe(expected) // Object.is equality\n\n    Expected: 400\n    Received: 401\n\n    \u001b[0m \u001b[90m 209 |\u001b[39m         \u001b[33m.\u001b[39m\u001b[36mset\u001b[39m(\u001b[32m'Authorization'\u001b[39m\u001b[33m,\u001b[39m \u001b[32m`Bearer ${user1Token}`\u001b[39m)\u001b[33m;\u001b[39m\n     \u001b[90m 210 |\u001b[39m       \n    \u001b[31m\u001b[1m>\u001b[22m\u001b[39m\u001b[90m 211 |\u001b[39m       expect(res\u001b[33m.\u001b[39mstatusCode)\u001b[33m.\u001b[39mtoBe(\u001b[35m400\u001b[39m)\u001b[33m;\u001b[39m\n     \u001b[90m     |\u001b[39m                              \u001b[31m\u001b[1m^\u001b[22m\u001b[39m\n     \u001b[90m 212 |\u001b[39m       expect(res\u001b[33m.\u001b[39mbody\u001b[33m.\u001b[39mstatus)\u001b[33m.\u001b[39mtoBe(\u001b[32m'fail'\u001b[39m)\u001b[33m;\u001b[39m\n     \u001b[90m 213 |\u001b[39m     })\u001b[33m;\u001b[39m\n     \u001b[90m 214 |\u001b[39m\u001b[0m\n\n      at Object.toBe (tests/integration.test.js:211:30)\n\n  ● Integration Tests - Full User Journey › Privacy & Security › should not allow viewing private profile without following\n\n    expect(received).toBe(expected) // Object.is equality\n\n    Expected: 403\n    Received: 404\n\n    \u001b[0m \u001b[90m 245 |\u001b[39m         \u001b[33m.\u001b[39m\u001b[36mset\u001b[39m(\u001b[32m'Authorization'\u001b[39m\u001b[33m,\u001b[39m \u001b[32m`Bearer ${user2Token}`\u001b[39m)\u001b[33m;\u001b[39m\n     \u001b[90m 246 |\u001b[39m       \n    \u001b[31m\u001b[1m>\u001b[22m\u001b[39m\u001b[90m 247 |\u001b[39m       expect(res\u001b[33m.\u001b[39mstatusCode)\u001b[33m.\u001b[39mtoBe(\u001b[35m403\u001b[39m)\u001b[33m;\u001b[39m\n     \u001b[90m     |\u001b[39m                              \u001b[31m\u001b[1m^\u001b[22m\u001b[39m\n     \u001b[90m 248 |\u001b[39m     })\u001b[33m;\u001b[39m\n     \u001b[90m 249 |\u001b[39m\n     \u001b[90m 250 |\u001b[39m     it(\u001b[32m'should not expose sensitive fields in user object'\u001b[39m\u001b[33m,\u001b[39m \u001b[36masync\u001b[39m () \u001b[33m=>\u001b[39m {\u001b[0m\n\n      at Object.toBe (tests/integration.test.js:247:30)\n\n  ● Integration Tests - Full User Journey › Privacy & Security › should not expose sensitive fields in user object\n\n    expect(received).toBe(expected) // Object.is equality\n\n    Expected: 200\n    Received: 401\n\n    \u001b[0m \u001b[90m 253 |\u001b[39m         \u001b[33m.\u001b[39m\u001b[36mset\u001b[39m(\u001b[32m'Authorization'\u001b[39m\u001b[33m,\u001b[39m \u001b[32m`Bearer ${user1Token}`\u001b[39m)\u001b[33m;\u001b[39m\n     \u001b[90m 254 |\u001b[39m       \n    \u001b[31m\u001b[1m>\u001b[22m\u001b[39m\u001b[90m 255 |\u001b[39m       expect(res\u001b[33m.\u001b[39mstatusCode)\u001b[33m.\u001b[39mtoBe(\u001b[35m200\u001b[39m)\u001b[33m;\u001b[39m\n     \u001b[90m     |\u001b[39m                              \u001b[31m\u001b[1m^\u001b[22m\u001b[39m\n     \u001b[90m 256 |\u001b[39m       expect(res\u001b[33m.\u001b[39mbody\u001b[33m.\u001b[39mdata\u001b[33m.\u001b[39muser\u001b[33m.\u001b[39mpassword)\u001b[33m.\u001b[39mtoBeUndefined()\u001b[33m;\u001b[39m\n     \u001b[90m 257 |\u001b[39m       expect(res\u001b[33m.\u001b[39mbody\u001b[33m.\u001b[39mdata\u001b[33m.\u001b[39muser\u001b[33m.\u001b[39mtwoFactorSecret)\u001b[33m.\u001b[39mtoBeUndefined()\u001b[33m;\u001b[39m\n     \u001b[90m 258 |\u001b[39m     })\u001b[33m;\u001b[39m\u001b[0m\n\n      at Object.toBe (tests/integration.test.js:255:30)\n","name":"D:\\My Projects\\Social Media Backend API\\tests\\integration.test.js","startTime":1775966065519,"status":"failed","summary":""},{"assertionResults":[{"ancestorTitles":["Comment Endpoints","POST /api/v1/posts/:postId/comments"],"duration":812,"failureDetails":[],"failureMessages":[],"fullName":"Comment Endpoints POST /api/v1/posts/:postId/comments should create text comment","invocations":1,"location":null,"numPassingAsserts":3,"retryReasons":[],"status":"passed","title":"should create text comment"},{"ancestorTitles":["Comment Endpoints","POST /api/v1/posts/:postId/comments"],"duration":776,"failureDetails":[],"failureMessages":[],"fullName":"Comment Endpoints POST /api/v1/posts/:postId/comments should create nested reply","invocations":1,"location":null,"numPassingAsserts":2,"retryReasons":[],"status":"passed","title":"should create nested reply"},{"ancestorTitles":["Comment Endpoints","GET /api/v1/posts/:postId/comments"],"duration":820,"failureDetails":[],"failureMessages":[],"fullName":"Comment Endpoints GET /api/v1/posts/:postId/comments should get comments with pagination","invocations":1,"location":null,"numPassingAsserts":3,"retryReasons":[],"status":"passed","title":"should get comments with pagination"},{"ancestorTitles":["Comment Endpoints","GET /api/v1/posts/:postId/comments"],"duration":846,"failureDetails":[],"failureMessages":[],"fullName":"Comment Endpoints GET /api/v1/posts/:postId/comments should filter by type","invocations":1,"location":null,"numPassingAsserts":2,"retryReasons":[],"status":"passed","title":"should filter by type"},{"ancestorTitles":["Comment Endpoints","POST /api/v1/comments/:commentId/like"],"duration":1011,"failureDetails":[{"matcherResult":{"actual":404,"expected":200,"message":"expect(received).toBe(expected) // Object.is equality\n\nExpected: 200\nReceived: 404","name":"toBe","pass":false}}],"failureMessages":["Error: expect(received).toBe(expected) // Object.is equality\n\nExpected: 200\nReceived: 404\n    at Object.toBe (D:\\My Projects\\Social Media Backend API\\tests\\comment.test.js:129:30)\n    at processTicksAndRejections (node:internal/process/task_queues:105:5)"],"fullName":"Comment Endpoints POST /api/v1/comments/:commentId/like should like a comment","invocations":1,"location":null,"numPassingAsserts":0,"retryReasons":[],"status":"failed","title":"should like a comment"}],"endTime":1775966075730,"message":"  ● Comment Endpoints › POST /api/v1/comments/:commentId/like › should like a comment\n\n    expect(received).toBe(expected) // Object.is equality\n\n    Expected: 200\n    Received: 404\n\n    \u001b[0m \u001b[90m 127 |\u001b[39m         \u001b[33m.\u001b[39m\u001b[36mset\u001b[39m(\u001b[32m'Authorization'\u001b[39m\u001b[33m,\u001b[39m \u001b[32m`Bearer ${token}`\u001b[39m)\u001b[33m;\u001b[39m\n     \u001b[90m 128 |\u001b[39m       \n    \u001b[31m\u001b[1m>\u001b[22m\u001b[39m\u001b[90m 129 |\u001b[39m       expect(res\u001b[33m.\u001b[39mstatusCode)\u001b[33m.\u001b[39mtoBe(\u001b[35m200\u001b[39m)\u001b[33m;\u001b[39m\n     \u001b[90m     |\u001b[39m                              \u001b[31m\u001b[1m^\u001b[22m\u001b[39m\n     \u001b[90m 130 |\u001b[39m       expect(res\u001b[33m.\u001b[39mbody\u001b[33m.\u001b[39mdata\u001b[33m.\u001b[39mlikesCount)\u001b[33m.\u001b[39mtoBe(\u001b[35m1\u001b[39m)\u001b[33m;\u001b[39m\n     \u001b[90m 131 |\u001b[39m     })\u001b[33m;\u001b[39m\n     \u001b[90m 132 |\u001b[39m   })\u001b[33m;\u001b[39m\u001b[0m\n\n      at Object.toBe (tests/comment.test.js:129:30)\n","name":"D:\\My Projects\\Social Media Backend API\\tests\\comment.test.js","startTime":1775966069742,"status":"failed","summary":""},{"assertionResults":[{"ancestorTitles":["Feed Endpoints","GET /api/v1/feed/newsfeed"],"duration":1128,"failureDetails":[{"matcherResult":{"actual":500,"expected":200,"message":"expect(received).toBe(expected) // Object.is equality\n\nExpected: 200\nReceived: 500","name":"toBe","pass":false}}],"failureMessages":["Error: expect(received).toBe(expected) // Object.is equality\n\nExpected: 200\nReceived: 500\n    at Object.toBe (D:\\My Projects\\Social Media Backend API\\tests\\feed.test.js:45:30)\n    at processTicksAndRejections (node:internal/process/task_queues:105:5)"],"fullName":"Feed Endpoints GET /api/v1/feed/newsfeed should get newsfeed","invocations":1,"location":null,"numPassingAsserts":0,"retryReasons":[],"status":"failed","title":"should get newsfeed"},{"ancestorTitles":["Feed Endpoints","GET /api/v1/feed/newsfeed"],"duration":1115,"failureDetails":[{}],"failureMessages":["TypeError: Cannot read properties of undefined (reading 'nextCursor')\n    at Object.nextCursor (D:\\My Projects\\Social Media Backend API\\tests\\feed.test.js:54:29)\n    at processTicksAndRejections (node:internal/process/task_queues:105:5)"],"fullName":"Feed Endpoints GET /api/v1/feed/newsfeed should support cursor pagination","invocations":1,"location":null,"numPassingAsserts":0,"retryReasons":[],"status":"failed","title":"should support cursor pagination"},{"ancestorTitles":["Feed Endpoints","GET /api/v1/feed/trending"],"duration":1165,"failureDetails":[],"failureMessages":[],"fullName":"Feed Endpoints GET /api/v1/feed/trending should get trending posts","invocations":1,"location":null,"numPassingAsserts":2,"retryReasons":[],"status":"passed","title":"should get trending posts"},{"ancestorTitles":["Feed Endpoints","GET /api/v1/feed/trending"],"duration":928,"failureDetails":[],"failureMessages":[],"fullName":"Feed Endpoints GET /api/v1/feed/trending should filter by timeframe","invocations":1,"location":null,"numPassingAsserts":1,"retryReasons":[],"status":"passed","title":"should filter by timeframe"},{"ancestorTitles":["Feed Endpoints","GET /api/v1/feed/nearby"],"duration":1021,"failureDetails":[],"failureMessages":[],"fullName":"Feed Endpoints GET /api/v1/feed/nearby should get nearby posts","invocations":1,"location":null,"numPassingAsserts":2,"retryReasons":[],"status":"passed","title":"should get nearby posts"},{"ancestorTitles":["Feed Endpoints","GET /api/v1/feed/nearby"],"duration":1014,"failureDetails":[],"failureMessages":[],"fullName":"Feed Endpoints GET /api/v1/feed/nearby should fail without coordinates","invocations":1,"location":null,"numPassingAsserts":1,"retryReasons":[],"status":"passed","title":"should fail without coordinates"}],"endTime":1775966084340,"message":"  ● Feed Endpoints › GET /api/v1/feed/newsfeed › should get newsfeed\n\n    expect(received).toBe(expected) // Object.is equality\n\n    Expected: 200\n    Received: 500\n\n    \u001b[0m \u001b[90m 43 |\u001b[39m         \u001b[33m.\u001b[39m\u001b[36mset\u001b[39m(\u001b[32m'Authorization'\u001b[39m\u001b[33m,\u001b[39m \u001b[32m`Bearer ${token}`\u001b[39m)\u001b[33m;\u001b[39m\n     \u001b[90m 44 |\u001b[39m       \n    \u001b[31m\u001b[1m>\u001b[22m\u001b[39m\u001b[90m 45 |\u001b[39m       expect(res\u001b[33m.\u001b[39mstatusCode)\u001b[33m.\u001b[39mtoBe(\u001b[35m200\u001b[39m)\u001b[33m;\u001b[39m\n     \u001b[90m    |\u001b[39m                              \u001b[31m\u001b[1m^\u001b[22m\u001b[39m\n     \u001b[90m 46 |\u001b[39m       expect(res\u001b[33m.\u001b[39mbody\u001b[33m.\u001b[39mdata\u001b[33m.\u001b[39mposts\u001b[33m.\u001b[39mlength)\u001b[33m.\u001b[39mtoBeGreaterThan(\u001b[35m0\u001b[39m)\u001b[33m;\u001b[39m\n     \u001b[90m 47 |\u001b[39m     })\u001b[33m;\u001b[39m\n     \u001b[90m 48 |\u001b[39m\u001b[0m\n\n      at Object.toBe (tests/feed.test.js:45:30)\n\n  ● Feed Endpoints › GET /api/v1/feed/newsfeed › should support cursor pagination\n\n    TypeError: Cannot read properties of undefined (reading 'nextCursor')\n\n    \u001b[0m \u001b[90m 52 |\u001b[39m         \u001b[33m.\u001b[39m\u001b[36mset\u001b[39m(\u001b[32m'Authorization'\u001b[39m\u001b[33m,\u001b[39m \u001b[32m`Bearer ${token}`\u001b[39m)\u001b[33m;\u001b[39m\n     \u001b[90m 53 |\u001b[39m       \n    \u001b[31m\u001b[1m>\u001b[22m\u001b[39m\u001b[90m 54 |\u001b[39m       expect(res1\u001b[33m.\u001b[39mbody\u001b[33m.\u001b[39mdata\u001b[33m.\u001b[39mnextCursor)\u001b[33m.\u001b[39mtoBeDefined()\u001b[33m;\u001b[39m\n     \u001b[90m    |\u001b[39m                             \u001b[31m\u001b[1m^\u001b[22m\u001b[39m\n     \u001b[90m 55 |\u001b[39m       \n     \u001b[90m 56 |\u001b[39m       \u001b[36mconst\u001b[39m res2 \u001b[33m=\u001b[39m \u001b[36mawait\u001b[39m request(app)\n     \u001b[90m 57 |\u001b[39m         \u001b[33m.\u001b[39m\u001b[36mget\u001b[39m(\u001b[32m`/api/v1/feed/newsfeed?limit=2&cursor=${res1.body.data.nextCursor}`\u001b[39m)\u001b[0m\n\n      at Object.nextCursor (tests/feed.test.js:54:29)\n","name":"D:\\My Projects\\Social Media Backend API\\tests\\feed.test.js","startTime":1775966075752,"status":"failed","summary":""},{"assertionResults":[{"ancestorTitles":["Groups Endpoints","POST /api/v1/groups"],"duration":1527,"failureDetails":[],"failureMessages":[],"fullName":"Groups Endpoints POST /api/v1/groups should create a public group","invocations":1,"location":null,"numPassingAsserts":3,"retryReasons":[],"status":"passed","title":"should create a public group"},{"ancestorTitles":["Groups Endpoints","POST /api/v1/groups"],"duration":1375,"failureDetails":[],"failureMessages":[],"fullName":"Groups Endpoints POST /api/v1/groups should fail without auth","invocations":1,"location":null,"numPassingAsserts":1,"retryReasons":[],"status":"passed","title":"should fail without auth"},{"ancestorTitles":["Groups Endpoints","GET /api/v1/groups"],"duration":1426,"failureDetails":[],"failureMessages":[],"fullName":"Groups Endpoints GET /api/v1/groups should list all public groups","invocations":1,"location":null,"numPassingAsserts":3,"retryReasons":[],"status":"passed","title":"should list all public groups"},{"ancestorTitles":["Groups Endpoints","POST /api/v1/groups/:id/join"],"duration":1484,"failureDetails":[],"failureMessages":[],"fullName":"Groups Endpoints POST /api/v1/groups/:id/join should allow another user to join the group","invocations":1,"location":null,"numPassingAsserts":2,"retryReasons":[],"status":"passed","title":"should allow another user to join the group"},{"ancestorTitles":["Groups Endpoints","POST /api/v1/groups/:id/join"],"duration":1458,"failureDetails":[],"failureMessages":[],"fullName":"Groups Endpoints POST /api/v1/groups/:id/join should not join a private group directly","invocations":1,"location":null,"numPassingAsserts":1,"retryReasons":[],"status":"passed","title":"should not join a private group directly"},{"ancestorTitles":["Groups Endpoints","POST /api/v1/groups/:id/leave"],"duration":1657,"failureDetails":[],"failureMessages":[],"fullName":"Groups Endpoints POST /api/v1/groups/:id/leave should allow a member to leave a group","invocations":1,"location":null,"numPassingAsserts":1,"retryReasons":[],"status":"passed","title":"should allow a member to leave a group"}],"endTime":1775966095499,"message":"","name":"D:\\My Projects\\Social Media Backend API\\tests\\group.test.js","startTime":1775966084352,"status":"passed","summary":""},{"assertionResults":[{"ancestorTitles":["Comment Reactions Endpoints","POST /api/v1/posts/:postId/comments/:commentId/react"],"duration":1061,"failureDetails":[],"failureMessages":[],"fullName":"Comment Reactions Endpoints POST /api/v1/posts/:postId/comments/:commentId/react should add a \"love\" reaction to a comment","invocations":1,"location":null,"numPassingAsserts":4,"retryReasons":[],"status":"passed","title":"should add a \"love\" reaction to a comment"},{"ancestorTitles":["Comment Reactions Endpoints","POST /api/v1/posts/:postId/comments/:commentId/react"],"duration":808,"failureDetails":[],"failureMessages":[],"fullName":"Comment Reactions Endpoints POST /api/v1/posts/:postId/comments/:commentId/react should toggle off a reaction when clicking the same type","invocations":1,"location":null,"numPassingAsserts":3,"retryReasons":[],"status":"passed","title":"should toggle off a reaction when clicking the same type"},{"ancestorTitles":["Comment Reactions Endpoints","POST /api/v1/posts/:postId/comments/:commentId/react"],"duration":848,"failureDetails":[],"failureMessages":[],"fullName":"Comment Reactions Endpoints POST /api/v1/posts/:postId/comments/:commentId/react should switch reaction type","invocations":1,"location":null,"numPassingAsserts":3,"retryReasons":[],"status":"passed","title":"should switch reaction type"},{"ancestorTitles":["Comment Reactions Endpoints","POST /api/v1/posts/:postId/comments/:commentId/react"],"duration":687,"failureDetails":[],"failureMessages":[],"fullName":"Comment Reactions Endpoints POST /api/v1/posts/:postId/comments/:commentId/react should reject invalid reaction types","invocations":1,"location":null,"numPassingAsserts":1,"retryReasons":[],"status":"passed","title":"should reject invalid reaction types"},{"ancestorTitles":["Comment Reactions Endpoints","POST /api/v1/posts/:postId/comments/:commentId/react"],"duration":681,"failureDetails":[],"failureMessages":[],"fullName":"Comment Reactions Endpoints POST /api/v1/posts/:postId/comments/:commentId/react should require authentication","invocations":1,"location":null,"numPassingAsserts":1,"retryReasons":[],"status":"passed","title":"should require authentication"},{"ancestorTitles":["Comment Reactions Endpoints","Nested Comments (Replies)"],"duration":778,"failureDetails":[],"failureMessages":[],"fullName":"Comment Reactions Endpoints Nested Comments (Replies) should create a reply to an existing comment","invocations":1,"location":null,"numPassingAsserts":2,"retryReasons":[],"status":"passed","title":"should create a reply to an existing comment"},{"ancestorTitles":["Comment Reactions Endpoints","Nested Comments (Replies)"],"duration":836,"failureDetails":[],"failureMessages":[],"fullName":"Comment Reactions Endpoints Nested Comments (Replies) should fetch top-level comments only (no replies in root)","invocations":1,"location":null,"numPassingAsserts":2,"retryReasons":[],"status":"passed","title":"should fetch top-level comments only (no replies in root)"}],"endTime":1775966103195,"message":"","name":"D:\\My Projects\\Social Media Backend API\\tests\\reactions.test.js","startTime":1775966095512,"status":"passed","summary":""},{"assertionResults":[{"ancestorTitles":["Auth Endpoints","POST /api/v1/auth/signup"],"duration":812,"failureDetails":[],"failureMessages":[],"fullName":"Auth Endpoints POST /api/v1/auth/signup should signup a new user successfully","invocations":1,"location":null,"numPassingAsserts":6,"retryReasons":[],"status":"passed","title":"should signup a new user successfully"},{"ancestorTitles":["Auth Endpoints","POST /api/v1/auth/signup"],"duration":26,"failureDetails":[],"failureMessages":[],"fullName":"Auth Endpoints POST /api/v1/auth/signup should fail with weak password","invocations":1,"location":null,"numPassingAsserts":2,"retryReasons":[],"status":"passed","title":"should fail with weak password"},{"ancestorTitles":["Auth Endpoints","POST /api/v1/auth/signup"],"duration":652,"failureDetails":[],"failureMessages":[],"fullName":"Auth Endpoints POST /api/v1/auth/signup should fail with duplicate email","invocations":1,"location":null,"numPassingAsserts":1,"retryReasons":[],"status":"passed","title":"should fail with duplicate email"},{"ancestorTitles":["Auth Endpoints","POST /api/v1/auth/login"],"duration":1348,"failureDetails":[],"failureMessages":[],"fullName":"Auth Endpoints POST /api/v1/auth/login should login existing user","invocations":1,"location":null,"numPassingAsserts":3,"retryReasons":[],"status":"passed","title":"should login existing user"},{"ancestorTitles":["Auth Endpoints","POST /api/v1/auth/login"],"duration":1512,"failureDetails":[],"failureMessages":[],"fullName":"Auth Endpoints POST /api/v1/auth/login should fail with wrong password","invocations":1,"location":null,"numPassingAsserts":1,"retryReasons":[],"status":"passed","title":"should fail with wrong password"},{"ancestorTitles":["Auth Endpoints","POST /api/v1/auth/login"],"duration":675,"failureDetails":[],"failureMessages":[],"fullName":"Auth Endpoints POST /api/v1/auth/login should fail with non-existent user","invocations":1,"location":null,"numPassingAsserts":1,"retryReasons":[],"status":"passed","title":"should fail with non-existent user"},{"ancestorTitles":["Auth Endpoints","POST /api/v1/auth/logout"],"duration":1427,"failureDetails":[],"failureMessages":[],"fullName":"Auth Endpoints POST /api/v1/auth/logout should logout user","invocations":1,"location":null,"numPassingAsserts":1,"retryReasons":[],"status":"passed","title":"should logout user"}],"endTime":1775966111704,"message":"","name":"D:\\My Projects\\Social Media Backend API\\tests\\auth.test.js","startTime":1775966103205,"status":"passed","summary":""},{"assertionResults":[{"ancestorTitles":["User Endpoints","GET /api/v1/users/me"],"duration":918,"failureDetails":[],"failureMessages":[],"fullName":"User Endpoints GET /api/v1/users/me should get current user profile","invocations":1,"location":null,"numPassingAsserts":3,"retryReasons":[],"status":"passed","title":"should get current user profile"},{"ancestorTitles":["User Endpoints","GET /api/v1/users/me"],"duration":965,"failureDetails":[],"failureMessages":[],"fullName":"User Endpoints GET /api/v1/users/me should fail without authentication","invocations":1,"location":null,"numPassingAsserts":1,"retryReasons":[],"status":"passed","title":"should fail without authentication"},{"ancestorTitles":["User Endpoints","PATCH /api/v1/users/me"],"duration":900,"failureDetails":[],"failureMessages":[],"fullName":"User Endpoints PATCH /api/v1/users/me should update user profile","invocations":1,"location":null,"numPassingAsserts":3,"retryReasons":[],"status":"passed","title":"should update user profile"},{"ancestorTitles":["User Endpoints","POST /api/v1/users/:userId/follow"],"duration":1379,"failureDetails":[],"failureMessages":[],"fullName":"User Endpoints POST /api/v1/users/:userId/follow should follow another user","invocations":1,"location":null,"numPassingAsserts":2,"retryReasons":[],"status":"passed","title":"should follow another user"},{"ancestorTitles":["User Endpoints","POST /api/v1/users/:userId/follow"],"duration":1382,"failureDetails":[],"failureMessages":[],"fullName":"User Endpoints POST /api/v1/users/:userId/follow should not allow following self","invocations":1,"location":null,"numPassingAsserts":1,"retryReasons":[],"status":"passed","title":"should not allow following self"},{"ancestorTitles":["User Endpoints","GET /api/v1/users/search"],"duration":717,"failureDetails":[],"failureMessages":[],"fullName":"User Endpoints GET /api/v1/users/search should search users","invocations":1,"location":null,"numPassingAsserts":2,"retryReasons":[],"status":"passed","title":"should search users"},{"ancestorTitles":["User Endpoints","GET /api/v1/users/search"],"duration":712,"failureDetails":[],"failureMessages":[],"fullName":"User Endpoints GET /api/v1/users/search should fail with short query","invocations":1,"location":null,"numPassingAsserts":1,"retryReasons":[],"status":"passed","title":"should fail with short query"}],"endTime":1775966120696,"message":"","name":"D:\\My Projects\\Social Media Backend API\\tests\\user.test.js","startTime":1775966111713,"status":"passed","summary":""},{"assertionResults":[{"ancestorTitles":["Reports Endpoints","POST /api/v1/reports"],"duration":969,"failureDetails":[],"failureMessages":[],"fullName":"Reports Endpoints POST /api/v1/reports should create a report for a post","invocations":1,"location":null,"numPassingAsserts":3,"retryReasons":[],"status":"passed","title":"should create a report for a post"},{"ancestorTitles":["Reports Endpoints","POST /api/v1/reports"],"duration":697,"failureDetails":[],"failureMessages":[],"fullName":"Reports Endpoints POST /api/v1/reports should fail without authentication","invocations":1,"location":null,"numPassingAsserts":1,"retryReasons":[],"status":"passed","title":"should fail without authentication"},{"ancestorTitles":["Reports Endpoints","POST /api/v1/reports"],"duration":835,"failureDetails":[],"failureMessages":[],"fullName":"Reports Endpoints POST /api/v1/reports should fail with invalid reason","invocations":1,"location":null,"numPassingAsserts":1,"retryReasons":[],"status":"passed","title":"should fail with invalid reason"},{"ancestorTitles":["Reports Endpoints","POST /api/v1/reports"],"duration":729,"failureDetails":[],"failureMessages":[],"fullName":"Reports Endpoints POST /api/v1/reports should create a report for a user","invocations":1,"location":null,"numPassingAsserts":1,"retryReasons":[],"status":"passed","title":"should create a report for a user"}],"endTime":1775966126036,"message":"","name":"D:\\My Projects\\Social Media Backend API\\tests\\report.test.js","startTime":1775966120705,"status":"passed","summary":""},{"assertionResults":[{"ancestorTitles":["Session Management Endpoints","GET /api/v1/auth/sessions"],"duration":915,"failureDetails":[],"failureMessages":[],"fullName":"Session Management Endpoints GET /api/v1/auth/sessions should return list of active sessions","invocations":1,"location":null,"numPassingAsserts":3,"retryReasons":[],"status":"passed","title":"should return list of active sessions"},{"ancestorTitles":["Session Management Endpoints","GET /api/v1/auth/sessions"],"duration":756,"failureDetails":[],"failureMessages":[],"fullName":"Session Management Endpoints GET /api/v1/auth/sessions should fail without auth","invocations":1,"location":null,"numPassingAsserts":1,"retryReasons":[],"status":"passed","title":"should fail without auth"},{"ancestorTitles":["Session Management Endpoints","POST /api/v1/auth/logout-all"],"duration":653,"failureDetails":[],"failureMessages":[],"fullName":"Session Management Endpoints POST /api/v1/auth/logout-all should logout from all devices","invocations":1,"location":null,"numPassingAsserts":2,"retryReasons":[],"status":"passed","title":"should logout from all devices"},{"ancestorTitles":["Session Management Endpoints","POST /api/v1/auth/logout-all"],"duration":618,"failureDetails":[],"failureMessages":[],"fullName":"Session Management Endpoints POST /api/v1/auth/logout-all should invalidate the token after logout-all","invocations":1,"location":null,"numPassingAsserts":1,"retryReasons":[],"status":"passed","title":"should invalidate the token after logout-all"}],"endTime":1775966130770,"message":"","name":"D:\\My Projects\\Social Media Backend API\\tests\\session.test.js","startTime":1775966126045,"status":"passed","summary":""},{"assertionResults":[{"ancestorTitles":["Bookmarks (Saved Posts) Endpoints","POST /api/v1/posts/:postId/save"],"duration":929,"failureDetails":[],"failureMessages":[],"fullName":"Bookmarks (Saved Posts) Endpoints POST /api/v1/posts/:postId/save should save a post to bookmarks","invocations":1,"location":null,"numPassingAsserts":2,"retryReasons":[],"status":"passed","title":"should save a post to bookmarks"},{"ancestorTitles":["Bookmarks (Saved Posts) Endpoints","POST /api/v1/posts/:postId/save"],"duration":863,"failureDetails":[],"failureMessages":[],"fullName":"Bookmarks (Saved Posts) Endpoints POST /api/v1/posts/:postId/save should fail without authentication","invocations":1,"location":null,"numPassingAsserts":1,"retryReasons":[],"status":"passed","title":"should fail without authentication"},{"ancestorTitles":["Bookmarks (Saved Posts) Endpoints","GET /api/v1/users/me/saved-posts"],"duration":944,"failureDetails":[],"failureMessages":[],"fullName":"Bookmarks (Saved Posts) Endpoints GET /api/v1/users/me/saved-posts should return list of saved posts","invocations":1,"location":null,"numPassingAsserts":2,"retryReasons":[],"status":"passed","title":"should return list of saved posts"},{"ancestorTitles":["Bookmarks (Saved Posts) Endpoints","DELETE /api/v1/posts/:postId/save"],"duration":804,"failureDetails":[],"failureMessages":[],"fullName":"Bookmarks (Saved Posts) Endpoints DELETE /api/v1/posts/:postId/save should remove a post from bookmarks","invocations":1,"location":null,"numPassingAsserts":1,"retryReasons":[],"status":"passed","title":"should remove a post from bookmarks"}],"endTime":1775966136124,"message":"","name":"D:\\My Projects\\Social Media Backend API\\tests\\bookmark.test.js","startTime":1775966130778,"status":"passed","summary":""},{"assertionResults":[{"ancestorTitles":["Unit Tests - Utils","Crypto Utils"],"duration":2,"failureDetails":[],"failureMessages":[],"fullName":"Unit Tests - Utils Crypto Utils should generate random token of correct length","invocations":1,"location":null,"numPassingAsserts":2,"retryReasons":[],"status":"passed","title":"should generate random token of correct length"},{"ancestorTitles":["Unit Tests - Utils","Crypto Utils"],"duration":1,"failureDetails":[],"failureMessages":[],"fullName":"Unit Tests - Utils Crypto Utils should generate unique tokens","invocations":1,"location":null,"numPassingAsserts":1,"retryReasons":[],"status":"passed","title":"should generate unique tokens"},{"ancestorTitles":["Unit Tests - Utils","Crypto Utils"],"duration":1,"failureDetails":[],"failureMessages":[],"fullName":"Unit Tests - Utils Crypto Utils should hash token consistently","invocations":1,"location":null,"numPassingAsserts":2,"retryReasons":[],"status":"passed","title":"should hash token consistently"},{"ancestorTitles":["Unit Tests - Utils","Crypto Utils"],"duration":1,"failureDetails":[],"failureMessages":[],"fullName":"Unit Tests - Utils Crypto Utils should produce different hashes for different inputs","invocations":1,"location":null,"numPassingAsserts":1,"retryReasons":[],"status":"passed","title":"should produce different hashes for different inputs"},{"ancestorTitles":["Unit Tests - Utils","Helper Utils","generateId"],"duration":0,"failureDetails":[],"failureMessages":[],"fullName":"Unit Tests - Utils Helper Utils generateId should generate ID of specified length","invocations":1,"location":null,"numPassingAsserts":1,"retryReasons":[],"status":"passed","title":"should generate ID of specified length"},{"ancestorTitles":["Unit Tests - Utils","Helper Utils","generateId"],"duration":1,"failureDetails":[],"failureMessages":[],"fullName":"Unit Tests - Utils Helper Utils generateId should generate unique IDs","invocations":1,"location":null,"numPassingAsserts":1,"retryReasons":[],"status":"passed","title":"should generate unique IDs"},{"ancestorTitles":["Unit Tests - Utils","Helper Utils","sanitize"],"duration":2,"failureDetails":[],"failureMessages":[],"fullName":"Unit Tests - Utils Helper Utils sanitize should escape HTML tags","invocations":1,"location":null,"numPassingAsserts":2,"retryReasons":[],"status":"passed","title":"should escape HTML tags"},{"ancestorTitles":["Unit Tests - Utils","Helper Utils","sanitize"],"duration":0,"failureDetails":[],"failureMessages":[],"fullName":"Unit Tests - Utils Helper Utils sanitize should handle empty string","invocations":1,"location":null,"numPassingAsserts":1,"retryReasons":[],"status":"passed","title":"should handle empty string"},{"ancestorTitles":["Unit Tests - Utils","Helper Utils","sanitize"],"duration":1,"failureDetails":[],"failureMessages":[],"fullName":"Unit Tests - Utils Helper Utils sanitize should handle non-string input","invocations":1,"location":null,"numPassingAsserts":2,"retryReasons":[],"status":"passed","title":"should handle non-string input"},{"ancestorTitles":["Unit Tests - Utils","Helper Utils","formatNumber"],"duration":1,"failureDetails":[],"failureMessages":[],"fullName":"Unit Tests - Utils Helper Utils formatNumber should format thousands as K","invocations":1,"location":null,"numPassingAsserts":2,"retryReasons":[],"status":"passed","title":"should format thousands as K"},{"ancestorTitles":["Unit Tests - Utils","Helper Utils","formatNumber"],"duration":0,"failureDetails":[],"failureMessages":[],"fullName":"Unit Tests - Utils Helper Utils formatNumber should format millions as M","invocations":1,"location":null,"numPassingAsserts":2,"retryReasons":[],"status":"passed","title":"should format millions as M"},{"ancestorTitles":["Unit Tests - Utils","Helper Utils","formatNumber"],"duration":1,"failureDetails":[],"failureMessages":[],"fullName":"Unit Tests - Utils Helper Utils formatNumber should return small numbers as-is","invocations":1,"location":null,"numPassingAsserts":2,"retryReasons":[],"status":"passed","title":"should return small numbers as-is"},{"ancestorTitles":["Unit Tests - Utils","Helper Utils","formatNumber"],"duration":1,"failureDetails":[],"failureMessages":[],"fullName":"Unit Tests - Utils Helper Utils formatNumber should handle invalid input","invocations":1,"location":null,"numPassingAsserts":2,"retryReasons":[],"status":"passed","title":"should handle invalid input"},{"ancestorTitles":["Unit Tests - Utils","Helper Utils","timeAgo"],"duration":1,"failureDetails":[],"failureMessages":[],"fullName":"Unit Tests - Utils Helper Utils timeAgo should return \"Just now\" for recent time","invocations":1,"location":null,"numPassingAsserts":1,"retryReasons":[],"status":"passed","title":"should return \"Just now\" for recent time"},{"ancestorTitles":["Unit Tests - Utils","Helper Utils","timeAgo"],"duration":1,"failureDetails":[],"failureMessages":[],"fullName":"Unit Tests - Utils Helper Utils timeAgo should return minutes ago","invocations":1,"location":null,"numPassingAsserts":1,"retryReasons":[],"status":"passed","title":"should return minutes ago"},{"ancestorTitles":["Unit Tests - Utils","Helper Utils","timeAgo"],"duration":0,"failureDetails":[],"failureMessages":[],"fullName":"Unit Tests - Utils Helper Utils timeAgo should return hours ago","invocations":1,"location":null,"numPassingAsserts":1,"retryReasons":[],"status":"passed","title":"should return hours ago"},{"ancestorTitles":["Unit Tests - Utils","Helper Utils","timeAgo"],"duration":0,"failureDetails":[],"failureMessages":[],"fullName":"Unit Tests - Utils Helper Utils timeAgo should handle future dates","invocations":1,"location":null,"numPassingAsserts":1,"retryReasons":[],"status":"passed","title":"should handle future dates"},{"ancestorTitles":["Unit Tests - Utils","Helper Utils","timeAgo"],"duration":0,"failureDetails":[],"failureMessages":[],"fullName":"Unit Tests - Utils Helper Utils timeAgo should handle string dates","invocations":1,"location":null,"numPassingAsserts":1,"retryReasons":[],"status":"passed","title":"should handle string dates"},{"ancestorTitles":["Unit Tests - Utils","Helper Utils","paginate"],"duration":1,"failureDetails":[],"failureMessages":[],"fullName":"Unit Tests - Utils Helper Utils paginate should paginate array correctly","invocations":1,"location":null,"numPassingAsserts":2,"retryReasons":[],"status":"passed","title":"should paginate array correctly"},{"ancestorTitles":["Unit Tests - Utils","Helper Utils","paginate"],"duration":0,"failureDetails":[],"failureMessages":[],"fullName":"Unit Tests - Utils Helper Utils paginate should handle empty array","invocations":1,"location":null,"numPassingAsserts":1,"retryReasons":[],"status":"passed","title":"should handle empty array"},{"ancestorTitles":["Unit Tests - Utils","Helper Utils","paginate"],"duration":1,"failureDetails":[],"failureMessages":[],"fullName":"Unit Tests - Utils Helper Utils paginate should handle invalid page","invocations":1,"location":null,"numPassingAsserts":1,"retryReasons":[],"status":"passed","title":"should handle invalid page"},{"ancestorTitles":["Unit Tests - Utils","Helper Utils","paginate"],"duration":0,"failureDetails":[],"failureMessages":[],"fullName":"Unit Tests - Utils Helper Utils paginate should handle non-array input","invocations":1,"location":null,"numPassingAsserts":2,"retryReasons":[],"status":"passed","title":"should handle non-array input"},{"ancestorTitles":["Unit Tests - Utils","Helper Utils","deepClone"],"duration":4,"failureDetails":[],"failureMessages":[],"fullName":"Unit Tests - Utils Helper Utils deepClone should clone object deeply","invocations":1,"location":null,"numPassingAsserts":3,"retryReasons":[],"status":"passed","title":"should clone object deeply"},{"ancestorTitles":["Unit Tests - Utils","Helper Utils","deepClone"],"duration":1,"failureDetails":[],"failureMessages":[],"fullName":"Unit Tests - Utils Helper Utils deepClone should handle arrays","invocations":1,"location":null,"numPassingAsserts":2,"retryReasons":[],"status":"passed","title":"should handle arrays"},{"ancestorTitles":["Unit Tests - Utils","Helper Utils","deepClone"],"duration":0,"failureDetails":[],"failureMessages":[],"fullName":"Unit Tests - Utils Helper Utils deepClone should handle primitives","invocations":1,"location":null,"numPassingAsserts":3,"retryReasons":[],"status":"passed","title":"should handle primitives"},{"ancestorTitles":["Unit Tests - Utils","Helper Utils","hashForLog"],"duration":1,"failureDetails":[],"failureMessages":[],"fullName":"Unit Tests - Utils Helper Utils hashForLog should hash string consistently","invocations":1,"location":null,"numPassingAsserts":2,"retryReasons":[],"status":"passed","title":"should hash string consistently"},{"ancestorTitles":["Unit Tests - Utils","Helper Utils","hashForLog"],"duration":0,"failureDetails":[],"failureMessages":[],"fullName":"Unit Tests - Utils Helper Utils hashForLog should handle non-string input","invocations":1,"location":null,"numPassingAsserts":2,"retryReasons":[],"status":"passed","title":"should handle non-string input"},{"ancestorTitles":["Unit Tests - Utils","Helper Utils","isValidEmail"],"duration":1,"failureDetails":[],"failureMessages":[],"fullName":"Unit Tests - Utils Helper Utils isValidEmail should validate correct emails","invocations":1,"location":null,"numPassingAsserts":2,"retryReasons":[],"status":"passed","title":"should validate correct emails"},{"ancestorTitles":["Unit Tests - Utils","Helper Utils","isValidEmail"],"duration":1,"failureDetails":[],"failureMessages":[],"fullName":"Unit Tests - Utils Helper Utils isValidEmail should reject invalid emails","invocations":1,"location":null,"numPassingAsserts":4,"retryReasons":[],"status":"passed","title":"should reject invalid emails"},{"ancestorTitles":["Unit Tests - Utils","Helper Utils","slugify"],"duration":1,"failureDetails":[],"failureMessages":[],"fullName":"Unit Tests - Utils Helper Utils slugify should create URL-friendly slug","invocations":1,"location":null,"numPassingAsserts":2,"retryReasons":[],"status":"passed","title":"should create URL-friendly slug"},{"ancestorTitles":["Unit Tests - Utils","Helper Utils","slugify"],"duration":1,"failureDetails":[],"failureMessages":[],"fullName":"Unit Tests - Utils Helper Utils slugify should handle special characters","invocations":1,"location":null,"numPassingAsserts":2,"retryReasons":[],"status":"passed","title":"should handle special characters"},{"ancestorTitles":["Unit Tests - Utils","Helper Utils","slugify"],"duration":0,"failureDetails":[],"failureMessages":[],"fullName":"Unit Tests - Utils Helper Utils slugify should handle multiple spaces","invocations":1,"location":null,"numPassingAsserts":1,"retryReasons":[],"status":"passed","title":"should handle multiple spaces"},{"ancestorTitles":["Unit Tests - Utils","Helper Utils","slugify"],"duration":1,"failureDetails":[],"failureMessages":[],"fullName":"Unit Tests - Utils Helper Utils slugify should lowercase","invocations":1,"location":null,"numPassingAsserts":1,"retryReasons":[],"status":"passed","title":"should lowercase"}],"endTime":1775966137266,"message":"","name":"D:\\My Projects\\Social Media Backend API\\tests\\unit.test.js","startTime":1775966136133,"status":"passed","summary":""}],"wasInterrupted":false}
